#
# A fatal error has been detected by the Java Runtime Environment:
#
#  Internal Error (jvmciRuntime.cpp:1609), pid=42, tid=56
#  fatal error: Fatal exception in JVMCI: Error calling jdk.vm.ci.services.Services.serializeSavedProperties
#
# JRE version: OpenJDK Runtime Environment GraalVM CE 22.3.0 (17.0.5+8) (build 17.0.5+8-jvmci-22.3-b08)
# Java VM: OpenJDK 64-Bit Server VM GraalVM CE 22.3.0 (17.0.5+8-jvmci-22.3-b08, mixed mode, sharing, tiered, jvmci, jvmci compiler, compressed oops, compressed class ptrs, parallel gc, linux-amd64)
# Problematic frame:
# V  [libjvm.so+0x972714]  JVMCIRuntime::fatal_exception(JVMCIEnv*, char const*)+0x74
#
# Core dump will be written. Default location: Core dumps may be processed with "/usr/share/apport/apport -p%p -s%s -c%c -d%d -P%P -u%u -g%g -- %E" (or dumping to /home/runner/BinaryTree/core.42)
#
# If you would like to submit a bug report, please visit:
#   https://github.com/oracle/graal/issues
#

---------------  S U M M A R Y ------------

Command Line: -XX:ThreadPriorityPolicy=1 -XX:+UnlockExperimentalVMOptions -XX:+EnableJVMCIProduct -XX:JVMCIThreadsPerNativeLibraryRuntime=1 -XX:-UnlockExperimentalVMOptions -Declipse.application=org.eclipse.jdt.ls.core.id1 -Dosgi.bundles.defaultStartLevel=4 -Declipse.product=org.eclipse.jdt.ls.core.product -Dlog.level=ALL -Xverify:none -XX:+UseParallelGC -XX:GCTimeRatio=4 -XX:AdaptiveSizePolicyWeight=90 -Dsun.zip.disableMemoryMapping=true -Xmx512m -Xms100m /nix/store/a7s9klvriqi68xz3qjc0qyfl5h86xc16-jdt-language-server-1.9.0/share/java/plugins/org.eclipse.equinox.launcher_1.6.400.v20210924-0641.jar --add-modules=ALL-SYSTEM --add-opens java.base/java.util=ALL-UNNAMED --add-opens java.base/java.lang=ALL-UNNAMED -configuration /home/runner/.cache/jdt-language-server/config -data /home/runner/.cache/jdt-language-server/data/home/runner/BinaryTree

Host: AMD EPYC 7B12, 8 cores, 1G, Ubuntu 20.04.2 LTS
Time: Tue Oct  3 21:52:06 2023 UTC elapsed time: 873.288983 seconds (0d 0h 14m 33s)

---------------  T H R E A D  ---------------

Current thread (0x00007fedb00b1cd0):  JavaThread "JVMCI-native CompilerThread0" daemon [_thread_in_vm, id=56, stack(0x00007fed96048000,0x00007fed96248000)]


Current CompileTask:
JVMCI-native: 873289 8674       4       java.util.concurrent.locks.ReentrantLock$Sync::isHeldExclusively (16 bytes)

Stack: [0x00007fed96048000,0x00007fed96248000],  sp=0x00007fed96246380,  free space=2040k
Native frames: (J=compiled Java code, j=interpreted, Vv=VM code, C=native code)
V  [libjvm.so+0x972714]  JVMCIRuntime::fatal_exception(JVMCIEnv*, char const*)+0x74
V  [libjvm.so+0x93e2fe]  JVMCIEnv::copy_saved_properties()+0x14e
V  [libjvm.so+0x9732a9]  JVMCIRuntime::initialize(JVMCIEnv*)+0xb19
V  [libjvm.so+0x9738a2]  JVMCIRuntime::get_HotSpotJVMCIRuntime(JVMCIEnv*)+0x12
V  [libjvm.so+0x9749f2]  JVMCIRuntime::compile_method(JVMCIEnv*, JVMCICompiler*, methodHandle const&, int)+0xd2
V  [libjvm.so+0x5b0d20]  CompileBroker::invoke_compiler_on_method(CompileTask*)+0x1470
V  [libjvm.so+0x5b12e8]  CompileBroker::compiler_thread_loop()+0x528
V  [libjvm.so+0xd82460]  JavaThread::thread_main_inner()+0xd0
V  [libjvm.so+0xd85a40]  Thread::call_run()+0xc0
V  [libjvm.so+0xbdb1e1]  thread_native_entry(Thread*)+0xe1

Register to memory mapping:

RAX=0x00007fedb5d3e000 points into unknown readable memory: 0x0000000000000058 | 58 00 00 00 00 00 00 00
RBX=0x00007fedb6e39398: <offset 0x0000000000ef5398> in /nix/store/gpxl5qgg8kicmcvivwmybwjlpf7wh20l-graalvm17-ce-22.3.0/lib/server/libjvm.so at 0x00007fedb5f44000
RCX=0x00007fedb6df11e8: <offset 0x0000000000ead1e8> in /nix/store/gpxl5qgg8kicmcvivwmybwjlpf7wh20l-graalvm17-ce-22.3.0/lib/server/libjvm.so at 0x00007fedb5f44000
RDX=0x0000000000000649 is an unknown value
RSP=0x00007fed96246380 is pointing into the stack for thread: 0x00007fedb00b1cd0
RBP=0x00007fed962463a0 is pointing into the stack for thread: 0x00007fedb00b1cd0
RSI=0x00007fedb6e39c48: <offset 0x0000000000ef5c48> in /nix/store/gpxl5qgg8kicmcvivwmybwjlpf7wh20l-graalvm17-ce-22.3.0/lib/server/libjvm.so at 0x00007fedb5f44000
RDI=0x00000000e0000000 is an oop: java.lang.String 
{0x00000000e0000000} - klass: 'java/lang/String'
 - string: "resolution"
R8 =0x00007fedb6e39398: <offset 0x0000000000ef5398> in /nix/store/gpxl5qgg8kicmcvivwmybwjlpf7wh20l-graalvm17-ce-22.3.0/lib/server/libjvm.so at 0x00007fedb5f44000
R9 =0x00007fed96246330 is pointing into the stack for thread: 0x00007fedb00b1cd0
R10=0x00007fed96247948 is pointing into the stack for thread: 0x00007fedb00b1cd0
R11=0x0000000000000293 is an unknown value
R12=0x0 is NULL
R13=0x00007fedb00b1cd0 is a thread
R14=0x00007fedb0000b80 points into unknown readable memory: 0x00007fedb706aa38 | 38 aa 06 b7 ed 7f 00 00
R15=0x00007fedb7178e40: <offset 0x0000000001234e40> in /nix/store/gpxl5qgg8kicmcvivwmybwjlpf7wh20l-graalvm17-ce-22.3.0/lib/server/libjvm.so at 0x00007fedb5f44000


Registers:
RAX=0x00007fedb5d3e000, RBX=0x00007fedb6e39398, RCX=0x00007fedb6df11e8, RDX=0x0000000000000649
RSP=0x00007fed96246380, RBP=0x00007fed962463a0, RSI=0x00007fedb6e39c48, RDI=0x00000000e0000000
R8 =0x00007fedb6e39398, R9 =0x00007fed96246330, R10=0x00007fed96247948, R11=0x0000000000000293
R12=0x0000000000000000, R13=0x00007fedb00b1cd0, R14=0x00007fedb0000b80, R15=0x00007fedb7178e40
RIP=0x00007fedb68b6714, EFLAGS=0x0000000000010206, CSGSFS=0x002b000000000033, ERR=0x0000000000000006
  TRAPNO=0x000000000000000e

Top of Stack: (sp=0x00007fed96246380)
0x00007fed96246380:   00007fed96246940 00007fedb00b1cd0
0x00007fed96246390:   00007fedb46cf8c8 0000000800c417a0
0x00007fed962463a0:   00007fed96246500 00007fedb68822fe
0x00007fed962463b0:   00007fed962463e0 00007fed96246440 

Instructions: (pc=0x00007fedb68b6714)
0x00007fedb68b6614:   30 e8 f6 cf e8 ff 4c 89 e7 e8 2e 48 d1 ff 84 db
0x00007fedb68b6624:   75 2a 4d 85 ed 74 04 4d 8b 6d 00 48 83 c4 08 44
0x00007fedb68b6634:   89 f9 4c 89 f2 4c 89 ee 5b 4c 89 e7 41 5c 41 5d
0x00007fedb68b6644:   41 5e 41 5f 5d e9 e2 47 d1 ff 66 90 48 83 c4 08
0x00007fedb68b6654:   5b 41 5c 41 5d 41 5e 41 5f 5d c3 90 31 d2 be 08
0x00007fedb68b6664:   00 00 00 4c 89 ff e8 b1 78 a3 ff 49 89 c5 e9 37
0x00007fedb68b6674:   ff ff ff 66 0f 1f 84 00 00 00 00 00 48 8b 7a 08
0x00007fedb68b6684:   e9 6d ff ff ff 0f 1f 80 00 00 00 00 e8 5b 48 0a
0x00007fedb68b6694:   00 84 c0 75 89 e9 6a ff ff ff 66 90 55 48 89 e5
0x00007fedb68b66a4:   41 56 41 55 41 54 49 89 fc 53 48 89 f3 66 48 8d
0x00007fedb68b66b4:   3d 27 5e 85 00 66 66 48 e8 df 43 8d ff 4c 8b 28
0x00007fedb68b66c4:   8b 05 be 72 8a 00 85 c0 75 14 ba 01 00 00 00 48
0x00007fedb68b66d4:   8d 0d ae 72 8a 00 f0 0f b1 11 85 c0 74 4e be c8
0x00007fedb68b66e4:   00 00 00 4c 89 ef e8 01 0b 41 00 48 8d 05 12 ac
0x00007fedb68b66f4:   85 00 49 89 d8 48 8d 0d e8 aa 53 00 ba 49 06 00
0x00007fedb68b6704:   00 48 8d 35 3c 35 58 00 bf 00 00 00 e0 48 8b 00
0x00007fedb68b6714:   c6 00 58 31 c0 e8 e2 91 c6 ff 5b 41 5c 41 5d 41
0x00007fedb68b6724:   5e 5d e9 55 34 26 00 0f 1f 44 00 00 48 8d 05 81
0x00007fedb68b6734:   a3 8b 00 48 89 df 4c 8b 30 e8 9e 43 8d ff 48 89
0x00007fedb68b6744:   de 48 89 c2 49 8b 06 4c 89 f7 ff 50 08 4c 89 f7
0x00007fedb68b6754:   e8 a7 5c 27 00 4d 85 e4 74 12 be 01 00 00 00 4c
0x00007fedb68b6764:   89 e7 e8 35 43 fc ff eb 82 0f 1f 00 be 01 00 00
0x00007fedb68b6774:   00 4c 89 ef e8 d3 fd ff ff e9 6d ff ff ff 66 66
0x00007fedb68b6784:   2e 0f 1f 84 00 00 00 00 00 0f 1f 00 55 48 89 e5
0x00007fedb68b6794:   41 57 41 56 41 55 41 54 53 48 81 ec 08 02 00 00
0x00007fedb68b67a4:   64 48 8b 04 25 28 00 00 00 48 89 45 c8 8b 07 83
0x00007fedb68b67b4:   f8 02 0f 84 11 04 00 00 4c 8b 6f 18 49 89 ff 49
0x00007fedb68b67c4:   89 f4 4d 85 ed 74 14 4c 89 ef e8 5d 57 22 00 41
0x00007fedb68b67d4:   8b 07 83 f8 02 0f 84 19 04 00 00 48 8d 1d 9a 06
0x00007fedb68b67e4:   8a 00 4c 8d 35 0b 3c 58 00 eb 38 90 48 85 d2 7f
0x00007fedb68b67f4:   0d 48 8d 05 b4 c0 85 00 48 83 38 00 7e 0e 41 8b
0x00007fedb68b6804:   77 2c 4c 89 f7 31 c0 e8 a0 b2 f7 ff 49 8b 7f 18 


Stack slot to memory mapping:
stack at sp + 0 slots: 0x00007fed96246940 is pointing into the stack for thread: 0x00007fedb00b1cd0
stack at sp + 1 slots: 0x00007fedb00b1cd0 is a thread
stack at sp + 2 slots: 0x00007fedb46cf8c8 points into unknown readable memory: 0x6573001880c9ffff | ff ff c9 80 18 00 73 65
stack at sp + 3 slots: 0x0000000800c417a0 is a pointer to class: 
jdk.vm.ci.services.Services {0x0000000800c417a0}
 - instance size:     2
 - klass size:        65
 - access:            public final synchronized 
 - state:             fully_initialized
 - name:              'jdk/vm/ci/services/Services'
 - super:             'java/lang/Object'
 - sub:               
 - arrays:            NULL
 - methods:           Array<T>(0x00007fed96c422b8)
 - method ordering:   Array<T>(0x0000000800928960)
 - default_methods:   Array<T>(0x0000000000000000)
 - local interfaces:  Array<T>(0x00000008005ce810)
 - trans. interfaces: Array<T>(0x00000008005ce810)
 - constants:         constant pool [427] {0x00007fed96c41398} for 'jdk/vm/ci/services/Services' cache=0x00007fed96c43588
 - class loader data:  loader data: 0x00007fedb0027cc0 of 'bootstrap'
 - source file:       'Services.java'
 - class annotations:       Array<T>(0x0000000000000000)
 - class type annotations:  Array<T>(0x0000000000000000)
 - field annotations:       Array<T>(0x0000000000000000)
 - field type annotations:  Array<T>(0x0000000000000000)
 - inner classes:     Array<T>(0x00007fed96c43558)
 - nest members:     Array<T>(0x00007fed96c43578)
 - permitted subclasses:     Array<T>(0x00000008005ce7a0)
 - java mirror:       a 'java/lang/Class'{0x00000000e0146690} = 'jdk/vm/ci/services/Services'
 - vtable length      5  (start addr: 0x0000000800c41970)
 - itable length      2 (start addr: 0x0000000800c41998)
 - ---- static fields (3 words):
 - public static final 'IS_BUILDING_NATIVE_IMAGE' 'Z' @128 
 - public static final 'IS_IN_NATIVE_IMAGE' 'Z' @129 
 - private static volatile 'savedProperties' 'Ljava/util/Map;' @112 
 - static final 'JVMCI_ENABLED' 'Z' @130 
 - private static final 'servicesCache' 'Ljava/util/Map;' @116 
 - private static final 'MAX_UNICODE_IN_UTF8_LENGTH' 'I' @120 
 - private static final 'MAX_UTF8_PROPERTY_STRING_LENGTH' 'I' @124 
 - ---- non-static fields (0 words):
 - non-static oop maps: 
stack at sp + 4 slots: 0x00007fed96246500 is pointing into the stack for thread: 0x00007fedb00b1cd0
stack at sp + 5 slots: 0x00007fedb68822fe: <offset 0x000000000093e2fe> in /nix/store/gpxl5qgg8kicmcvivwmybwjlpf7wh20l-graalvm17-ce-22.3.0/lib/server/libjvm.so at 0x00007fedb5f44000
stack at sp + 6 slots: 0x00007fed962463e0 is pointing into the stack for thread: 0x00007fedb00b1cd0
stack at sp + 7 slots: 0x00007fed96246440 is pointing into the stack for thread: 0x00007fedb00b1cd0


---------------  P R O C E S S  ---------------

Threads class SMR info:
_java_thread_list=0x00007fed04000b70, length=24, elements={
0x00007fedb0025f60, 0x00007fedb00a5fd0, 0x00007fedb00a7410, 0x00007fedb00adb40,
0x00007fedb00aeef0, 0x00007fedb00b02e0, 0x00007fedb00b1cd0, 0x00007fedb00b31e0,
0x00007fedb00b4630, 0x00007fedb0100140, 0x00007fedb0147ab0, 0x00007fedb035b510,
0x00007fedb038eda0, 0x00007fedb0390bb0, 0x00007fedb022f010, 0x00007fed4401a710,
0x00007fed442a18c0, 0x00007fed44485a20, 0x00007fed4465b530, 0x00007fedb04bbeb0,
0x00007fedb04fd0c0, 0x00007fed40001580, 0x00007fed40440ff0, 0x00007fed38285d20
}

Java Threads: ( => current thread )
  0x00007fedb0025f60 JavaThread "main" [_thread_blocked, id=48, stack(0x00007fedb5d5f000,0x00007fedb5e5f000)]
  0x00007fedb00a5fd0 JavaThread "Reference Handler" daemon [_thread_blocked, id=51, stack(0x00007fed9692e000,0x00007fed96a2e000)]
  0x00007fedb00a7410 JavaThread "Finalizer" daemon [_thread_blocked, id=52, stack(0x00007fed9682e000,0x00007fed9692e000)]
  0x00007fedb00adb40 JavaThread "Signal Dispatcher" daemon [_thread_blocked, id=53, stack(0x00007fed96448000,0x00007fed96548000)]
  0x00007fedb00aeef0 JavaThread "Service Thread" daemon [_thread_blocked, id=54, stack(0x00007fed96348000,0x00007fed96448000)]
  0x00007fedb00b02e0 JavaThread "Monitor Deflation Thread" daemon [_thread_blocked, id=55, stack(0x00007fed96248000,0x00007fed96348000)]
=>0x00007fedb00b1cd0 JavaThread "JVMCI-native CompilerThread0" daemon [_thread_in_vm, id=56, stack(0x00007fed96048000,0x00007fed96248000)]
  0x00007fedb00b31e0 JavaThread "C1 CompilerThread0" daemon [_thread_blocked, id=57, stack(0x00007fed95e48000,0x00007fed96048000)]
  0x00007fedb00b4630 JavaThread "Sweeper thread" daemon [_thread_blocked, id=58, stack(0x00007fed95d48000,0x00007fed95e48000)]
  0x00007fedb0100140 JavaThread "Common-Cleaner" daemon [_thread_blocked, id=59, stack(0x00007fed95c48000,0x00007fed95d48000)]
  0x00007fedb0147ab0 JavaThread "Notification Thread" daemon [_thread_blocked, id=67, stack(0x00007fed95b48000,0x00007fed95c48000)]
  0x00007fedb035b510 JavaThread "Active Thread: Equinox Container: 0bf1a34e-c3c3-464f-93aa-6d43f4a293fe" [_thread_blocked, id=86, stack(0x00007fed94800000,0x00007fed94900000)]
  0x00007fedb038eda0 JavaThread "Framework Event Dispatcher: Equinox Container: 0bf1a34e-c3c3-464f-93aa-6d43f4a293fe" daemon [_thread_blocked, id=99, stack(0x00007fed94600000,0x00007fed94700000)]
  0x00007fedb0390bb0 JavaThread "Start Level: Equinox Container: 0bf1a34e-c3c3-464f-93aa-6d43f4a293fe" daemon [_thread_blocked, id=100, stack(0x00007fed94400000,0x00007fed94500000)]
  0x00007fedb022f010 JavaThread "Refresh Thread: Equinox Container: 0bf1a34e-c3c3-464f-93aa-6d43f4a293fe" daemon [_thread_blocked, id=101, stack(0x00007fed94200000,0x00007fed94300000)]
  0x00007fed4401a710 JavaThread "SCR Component Actor" daemon [_thread_blocked, id=109, stack(0x00007fed94000000,0x00007fed94100000)]
  0x00007fed442a18c0 JavaThread "Worker-JM" [_thread_blocked, id=114, stack(0x00007fed5d900000,0x00007fed5da00000)]
  0x00007fed44485a20 JavaThread "Java indexing" daemon [_thread_blocked, id=120, stack(0x00007fed5d300000,0x00007fed5d400000)]
  0x00007fed4465b530 JavaThread "Bundle File Closer" daemon [_thread_blocked, id=128, stack(0x00007fed5d100000,0x00007fed5d200000)]
  0x00007fedb04bbeb0 JavaThread "pool-3-thread-1" [_thread_blocked, id=129, stack(0x00007fed5cf00000,0x00007fed5d000000)]
  0x00007fedb04fd0c0 JavaThread "pool-2-thread-1" [_thread_blocked, id=141, stack(0x00007fed5cb00000,0x00007fed5cc00000)]
  0x00007fed40001580 JavaThread "Worker-4: Refreshing workspace" [_thread_blocked, id=149, stack(0x00007fed5c900000,0x00007fed5ca00000)]
  0x00007fed40440ff0 JavaThread "Okio Watchdog" daemon [_thread_blocked, id=274, stack(0x00007fed5c800000,0x00007fed5c900000)]
  0x00007fed38285d20 JavaThread "Worker-5" [_thread_blocked, id=299, stack(0x00007fed5c500000,0x00007fed5c600000)]

Other Threads:
  0x00007fedb00a1710 VMThread "VM Thread" [stack: 0x00007fed96a30000,0x00007fed96b30000] [id=50] _threads_hazard_ptr=0x00007fed04000b70
  0x00007fedb0149450 WatcherThread [stack: 0x00007fed95a48000,0x00007fed95b48000] [id=68]
  0x00007fedb003d870 GCTaskThread "GC Thread#0" [stack: 0x00007fedb5922000,0x00007fedb5a22000] [id=49]

Threads with active compile tasks:
JVMCI-native CompilerThread0   873334 8674       4       java.util.concurrent.locks.ReentrantLock$Sync::isHeldExclusively (16 bytes)

VM state: synchronizing (normal execution)

VM Mutex/Monitor currently owned by a thread:  ([mutex/lock_event])
[0x00007fedb0023110] Threads_lock - owner thread: 0x00007fedb00a1710
[0x00007fedb00238c0] Heap_lock - owner thread: 0x00007fed44485a20

OutOfMemory and StackOverflow Exception counts:
OutOfMemoryError java_heap_errors=3
LinkageErrors=62

Heap address: 0x00000000e0000000, size: 512 MB, Compressed Oops mode: 32-bit

CDS archive(s) mapped at: [0x0000000800000000-0x0000000800bc8000-0x0000000800bc8000), size 12353536, SharedBaseAddress: 0x0000000800000000, ArchiveRelocationMode: 0.
Compressed class space mapped at: 0x0000000800c00000-0x0000000840c00000, reserved size: 1073741824
Narrow klass base: 0x0000000800000000, Narrow klass shift: 0, Narrow klass range: 0x100000000

GC Precious Log:
 CPUs: 8 total, 1 available
 Memory: 1024M
 Large Page Support: Disabled
 NUMA Support: Disabled
 Compressed Oops: Enabled (32-bit)
 Alignments: Space 512K, Generation 512K, Heap 2M
 Heap Min Capacity: 100M
 Heap Initial Capacity: 100M
 Heap Max Capacity: 512M
 Pre-touch: Disabled
 Parallel Workers: 1

Heap:
 PSYoungGen      total 39936K, used 28861K [0x00000000f5580000, 0x00000000fc000000, 0x0000000100000000)
  eden space 21504K, 99% used [0x00000000f5580000,0x00000000f6a7fff0,0x00000000f6a80000)
  from space 18432K, 39% used [0x00000000f9500000,0x00000000f9c2f6e0,0x00000000fa700000)
  to   space 43520K, 0% used [0x00000000f6a80000,0x00000000f6a80000,0x00000000f9500000)
 ParOldGen       total 349696K, used 349695K [0x00000000e0000000, 0x00000000f5580000, 0x00000000f5580000)
  object space 349696K, 99% used [0x00000000e0000000,0x00000000f557fff8,0x00000000f5580000)
 Metaspace       used 56456K, committed 57600K, reserved 1105920K
  class space    used 5595K, committed 6016K, reserved 1048576K

Card table byte_map: [0x00007fedb5a22000,0x00007fedb5b23000] _byte_map_base: 0x00007fedb5322000

Marking Bits: (ParMarkBitMap*) 0x00007fedb71724c0
 Begin Bits: [0x00007fedb4875000, 0x00007fedb5075000)
 End Bits:   [0x00007fedb5075000, 0x00007fedb5875000)

Polling page: 0x00007fedb5d3c000

Metaspace:

Usage:
  Non-class:     49.67 MB used.
      Class:      5.46 MB used.
       Both:     55.13 MB used.

Virtual space:
  Non-class space:       56.00 MB reserved,      50.38 MB ( 90%) committed,  7 nodes.
      Class space:        1.00 GB reserved,       5.88 MB ( <1%) committed,  1 nodes.
             Both:        1.05 GB reserved,      56.25 MB (  5%) committed. 

Chunk freelists:
   Non-Class:  1.82 MB
       Class:  2.24 MB
        Both:  4.06 MB

MaxMetaspaceSize: unlimited
CompressedClassSpaceSize: 1.00 GB
Initial GC threshold: 21.00 MB
Current GC threshold: 93.75 MB
CDS: on
MetaspaceReclaimPolicy: balanced
 - commit_granule_bytes: 65536.
 - commit_granule_words: 8192.
 - virtual_space_node_default_size: 1048576.
 - enlarge_chunks_in_place: 1.
 - new_chunks_are_fully_committed: 0.
 - uncommit_free_chunks: 1.
 - use_allocation_guard: 0.
 - handle_deallocations: 1.


Internal statistics:

num_allocs_failed_limit: 8.
num_arena_births: 478.
num_arena_deaths: 148.
num_vsnodes_births: 8.
num_vsnodes_deaths: 0.
num_space_committed: 899.
num_space_uncommitted: 0.
num_chunks_returned_to_freelist: 211.
num_chunks_taken_from_freelist: 2667.
num_chunk_merges: 90.
num_chunk_splits: 1742.
num_chunks_enlarged: 1096.
num_purges: 18.
num_inconsistent_stats: 0.

CodeHeap 'non-profiled nmethods': size=120036Kb used=2483Kb max_used=2483Kb free=117552Kb
 bounds [0x00007fed9ef7a000, 0x00007fed9f1ea000, 0x00007feda64b3000]
CodeHeap 'profiled nmethods': size=120032Kb used=14247Kb max_used=16641Kb free=105784Kb
 bounds [0x00007fed97a42000, 0x00007fed98a92000, 0x00007fed9ef7a000]
CodeHeap 'non-nmethods': size=5692Kb used=1374Kb max_used=1384Kb free=4318Kb
 bounds [0x00007fed974b3000, 0x00007fed97723000, 0x00007fed97a42000]
 total_blobs=7383 nmethods=6677 adapters=610
 compilation: enabled
              stopped_count=0, restarted_count=0
 full_count=0

JVMCI Events (20 events):
Event: 750.903 Thread 0x00007fedb00b1cd0 compacted oop handles in JVMCI runtime 0 from 159 to 159
Event: 750.903 Thread 0x00007fedb00b1cd0 releasing handles for JVMCI runtime 0: oop handles=159, metadata handles={total=480, live=454, blocks=37}
Event: 750.903 Thread 0x00007fedb00b1cd0 detached from JVMCI runtime 0
Event: 782.730 Thread 0x00007fedb00b1cd0 attached to JVMCI runtime 0
Event: 782.732 Thread 0x00007fedb00b1cd0 created JavaVM[4]@0x00007fed5bf9e340 for JVMCI runtime 0
Event: 782.732 Thread 0x00007fedb00b1cd0 initializing JVMCI runtime 0
Event: 782.732 Thread 0x00007fedb00b1cd0 done waiting for JavaVM references initialization in JVMCI runtime 0
Event: 789.501 Thread 0x00007fedb00b1cd0 initialized JVMCI runtime 0
Event: 807.702 Thread 0x00007fedb00b1cd0 compacted oop handles in JVMCI runtime 0 from 68 to 67
Event: 814.218 Thread 0x00007fedb00b1cd0 detaching from JVMCI runtime 0: releasing idle compiler thread (0 other threads still attached)
Event: 814.218 Thread 0x00007fedb00b1cd0 shutting down HotSpotJVMCIRuntime for JVMCI runtime 0
Event: 814.218 Thread 0x00007fedb00b1cd0 shut down JVMCI runtime 0
Event: 814.220 Thread 0x00007fedb00b1cd0 destroyed JavaVM[4]@0x00007fed5bf9e340 for JVMCI runtime 0
Event: 814.220 Thread 0x00007fedb00b1cd0 compacted oop handles in JVMCI runtime 0 from 71 to 71
Event: 814.220 Thread 0x00007fedb00b1cd0 releasing handles for JVMCI runtime 0: oop handles=71, metadata handles={total=128, live=122, blocks=37}
Event: 814.220 Thread 0x00007fedb00b1cd0 detached from JVMCI runtime 0
Event: 845.625 Thread 0x00007fedb00b1cd0 attached to JVMCI runtime 0
Event: 845.627 Thread 0x00007fedb00b1cd0 created JavaVM[5]@0x00007fed5bf9e340 for JVMCI runtime 0
Event: 845.627 Thread 0x00007fedb00b1cd0 initializing JVMCI runtime 0
Event: 845.627 Thread 0x00007fedb00b1cd0 done waiting for JavaVM references initialization in JVMCI runtime 0

Compilation events (20 events):
Event: 717.728 Thread 0x00007fedb00b31e0 8666       3       org.eclipse.jface.text.AbstractLineTracker$1::nextDelimiterInfo (10 bytes)
Event: 717.728 Thread 0x00007fedb00b31e0 nmethod 8666 0x00007fed97b70710 code [0x00007fed97b708c0, 0x00007fed97b70a20]
Event: 717.728 Thread 0x00007fedb00b31e0 8667       3       org.eclipse.jface.text.Line::<init> (24 bytes)
Event: 717.729 Thread 0x00007fedb00b31e0 nmethod 8667 0x00007fed97da7b10 code [0x00007fed97da7cc0, 0x00007fed97da7e50]
Event: 719.459 Thread 0x00007fedb00b1cd0 nmethod 8665 0x00007fed9f1e2b10 code [0x00007fed9f1e2ca0, 0x00007fed9f1e2fa8]
Event: 719.459 Thread 0x00007fedb00b1cd0 8658       4       org.eclipse.core.internal.preferences.EclipsePreferences::node (8 bytes)
Event: 749.307 Thread 0x00007fedb00b1cd0 nmethod 8658 0x00007fed9f1e3190 code [0x00007fed9f1e3480, 0x00007fed9f1e4258]
Event: 750.900 Thread 0x00007fedb00b31e0 8668       1       org.eclipse.osgi.internal.framework.EquinoxContainer::getStorage (5 bytes)
Event: 750.900 Thread 0x00007fedb00b31e0 nmethod 8668 0x00007fed9f1e4b90 code [0x00007fed9f1e4d20, 0x00007fed9f1e4df0]
Event: 782.730 Thread 0x00007fedb00b1cd0 8669       4       java.util.WeakHashMap::get (75 bytes)
Event: 807.702 Thread 0x00007fedb00b1cd0 nmethod 8669 0x00007fed9f1e4e90 code [0x00007fed9f1e50c0, 0x00007fed9f1e59b0]
Event: 807.703 Thread 0x00007fedb00b1cd0 8672       4       java.util.Hashtable$Enumerator::hasMoreElements (53 bytes)
Event: 807.706 Thread 0x00007fedb00b1cd0 nmethod 8672 0x00007fed9f1e5f90 code [0x00007fed9f1e6100, 0x00007fed9f1e6260]
Event: 807.706 Thread 0x00007fedb00b1cd0 8673       4       java.util.Hashtable$Enumerator::nextElement (111 bytes)
Event: 807.708 Thread 0x00007fedb00b1cd0 nmethod 8673 0x00007fed9f1e6390 code [0x00007fed9f1e6500, 0x00007fed9f1e65d0]
Event: 807.708 Thread 0x00007fedb00b1cd0 8670       4       java.util.Hashtable$Enumerator::hasNext (5 bytes)
Event: 812.701 Thread 0x00007fedb00b1cd0 nmethod 8670 0x00007fed9f1e6710 code [0x00007fed9f1e6880, 0x00007fed9f1e69e0]
Event: 812.701 Thread 0x00007fedb00b1cd0 8671       4       java.util.Hashtable$Enumerator::next (27 bytes)
Event: 812.706 Thread 0x00007fedb00b1cd0 nmethod 8671 0x00007fed9f1e6b10 code [0x00007fed9f1e6c80, 0x00007fed9f1e6da0]
Event: 845.625 Thread 0x00007fedb00b1cd0 8674       4       java.util.concurrent.locks.ReentrantLock$Sync::isHeldExclusively (16 bytes)

GC Heap History (20 events):
Event: 856.673 GC heap before
{Heap before GC invocations=474 (full 389):
 PSYoungGen      total 39936K, used 28861K [0x00000000f5580000, 0x00000000fc000000, 0x0000000100000000)
  eden space 21504K, 100% used [0x00000000f5580000,0x00000000f6a80000,0x00000000f6a80000)
  from space 18432K, 39% used [0x00000000f9500000,0x00000000f9c2f6e0,0x00000000fa700000)
  to   space 43520K, 0% used [0x00000000f6a80000,0x00000000f6a80000,0x00000000f9500000)
 ParOldGen       total 349696K, used 349694K [0x00000000e0000000, 0x00000000f5580000, 0x00000000f5580000)
  object space 349696K, 99% used [0x00000000e0000000,0x00000000f557f9e8,0x00000000f5580000)
 Metaspace       used 56456K, committed 57600K, reserved 1105920K
  class space    used 5595K, committed 6016K, reserved 1048576K
}
Event: 858.213 GC heap after
{Heap after GC invocations=474 (full 389):
 PSYoungGen      total 39936K, used 28861K [0x00000000f5580000, 0x00000000fc000000, 0x0000000100000000)
  eden space 21504K, 100% used [0x00000000f5580000,0x00000000f6a80000,0x00000000f6a80000)
  from space 18432K, 39% used [0x00000000f9500000,0x00000000f9c2f6e0,0x00000000fa700000)
  to   space 43520K, 0% used [0x00000000f6a80000,0x00000000f6a80000,0x00000000f9500000)
 ParOldGen       total 349696K, used 349694K [0x00000000e0000000, 0x00000000f5580000, 0x00000000f5580000)
  object space 349696K, 99% used [0x00000000e0000000,0x00000000f557f9d0,0x00000000f5580000)
 Metaspace       used 56456K, committed 57600K, reserved 1105920K
  class space    used 5595K, committed 6016K, reserved 1048576K
}
Event: 858.213 GC heap before
{Heap before GC invocations=475 (full 390):
 PSYoungGen      total 39936K, used 28861K [0x00000000f5580000, 0x00000000fc000000, 0x0000000100000000)
  eden space 21504K, 100% used [0x00000000f5580000,0x00000000f6a80000,0x00000000f6a80000)
  from space 18432K, 39% used [0x00000000f9500000,0x00000000f9c2f6e0,0x00000000fa700000)
  to   space 43520K, 0% used [0x00000000f6a80000,0x00000000f6a80000,0x00000000f9500000)
 ParOldGen       total 349696K, used 349695K [0x00000000e0000000, 0x00000000f5580000, 0x00000000f5580000)
  object space 349696K, 99% used [0x00000000e0000000,0x00000000f557ffa8,0x00000000f5580000)
 Metaspace       used 56456K, committed 57600K, reserved 1105920K
  class space    used 5595K, committed 6016K, reserved 1048576K
}
Event: 859.784 GC heap after
{Heap after GC invocations=475 (full 390):
 PSYoungGen      total 39936K, used 28861K [0x00000000f5580000, 0x00000000fc000000, 0x0000000100000000)
  eden space 21504K, 99% used [0x00000000f5580000,0x00000000f6a7ffd0,0x00000000f6a80000)
  from space 18432K, 39% used [0x00000000f9500000,0x00000000f9c2f6e0,0x00000000fa700000)
  to   space 43520K, 0% used [0x00000000f6a80000,0x00000000f6a80000,0x00000000f9500000)
 ParOldGen       total 349696K, used 349695K [0x00000000e0000000, 0x00000000f5580000, 0x00000000f5580000)
  object space 349696K, 99% used [0x00000000e0000000,0x00000000f557fee8,0x00000000f5580000)
 Metaspace       used 56456K, committed 57600K, reserved 1105920K
  class space    used 5595K, committed 6016K, reserved 1048576K
}
Event: 859.784 GC heap before
{Heap before GC invocations=476 (full 391):
 PSYoungGen      total 39936K, used 28861K [0x00000000f5580000, 0x00000000fc000000, 0x0000000100000000)
  eden space 21504K, 99% used [0x00000000f5580000,0x00000000f6a7ffd0,0x00000000f6a80000)
  from space 18432K, 39% used [0x00000000f9500000,0x00000000f9c2f6e0,0x00000000fa700000)
  to   space 43520K, 0% used [0x00000000f6a80000,0x00000000f6a80000,0x00000000f9500000)
 ParOldGen       total 349696K, used 349695K [0x00000000e0000000, 0x00000000f5580000, 0x00000000f5580000)
  object space 349696K, 99% used [0x00000000e0000000,0x00000000f557fee8,0x00000000f5580000)
 Metaspace       used 56456K, committed 57600K, reserved 1105920K
  class space    used 5595K, committed 6016K, reserved 1048576K
}
Event: 861.494 GC heap after
{Heap after GC invocations=476 (full 391):
 PSYoungGen      total 39936K, used 28861K [0x00000000f5580000, 0x00000000fc000000, 0x0000000100000000)
  eden space 21504K, 99% used [0x00000000f5580000,0x00000000f6a7ffd0,0x00000000f6a80000)
  from space 18432K, 39% used [0x00000000f9500000,0x00000000f9c2f6e0,0x00000000fa700000)
  to   space 43520K, 0% used [0x00000000f6a80000,0x00000000f6a80000,0x00000000f9500000)
 ParOldGen       total 349696K, used 349695K [0x00000000e0000000, 0x00000000f5580000, 0x00000000f5580000)
  object space 349696K, 99% used [0x00000000e0000000,0x00000000f557fee8,0x00000000f5580000)
 Metaspace       used 56456K, committed 57600K, reserved 1105920K
  class space    used 5595K, committed 6016K, reserved 1048576K
}
Event: 861.495 GC heap before
{Heap before GC invocations=477 (full 392):
 PSYoungGen      total 39936K, used 28861K [0x00000000f5580000, 0x00000000fc000000, 0x0000000100000000)
  eden space 21504K, 99% used [0x00000000f5580000,0x00000000f6a7fff0,0x00000000f6a80000)
  from space 18432K, 39% used [0x00000000f9500000,0x00000000f9c2f6e0,0x00000000fa700000)
  to   space 43520K, 0% used [0x00000000f6a80000,0x00000000f6a80000,0x00000000f9500000)
 ParOldGen       total 349696K, used 349695K [0x00000000e0000000, 0x00000000f5580000, 0x00000000f5580000)
  object space 349696K, 99% used [0x00000000e0000000,0x00000000f557ff00,0x00000000f5580000)
 Metaspace       used 56456K, committed 57600K, reserved 1105920K
  class space    used 5595K, committed 6016K, reserved 1048576K
}
Event: 863.396 GC heap after
{Heap after GC invocations=477 (full 392):
 PSYoungGen      total 39936K, used 28861K [0x00000000f5580000, 0x00000000fc000000, 0x0000000100000000)
  eden space 21504K, 99% used [0x00000000f5580000,0x00000000f6a7fff0,0x00000000f6a80000)
  from space 18432K, 39% used [0x00000000f9500000,0x00000000f9c2f6e0,0x00000000fa700000)
  to   space 43520K, 0% used [0x00000000f6a80000,0x00000000f6a80000,0x00000000f9500000)
 ParOldGen       total 349696K, used 349694K [0x00000000e0000000, 0x00000000f5580000, 0x00000000f5580000)
  object space 349696K, 99% used [0x00000000e0000000,0x00000000f557f960,0x00000000f5580000)
 Metaspace       used 56456K, committed 57600K, reserved 1105920K
  class space    used 5595K, committed 6016K, reserved 1048576K
}
Event: 863.396 GC heap before
{Heap before GC invocations=478 (full 393):
 PSYoungGen      total 39936K, used 28861K [0x00000000f5580000, 0x00000000fc000000, 0x0000000100000000)
  eden space 21504K, 99% used [0x00000000f5580000,0x00000000f6a7fff0,0x00000000f6a80000)
  from space 18432K, 39% used [0x00000000f9500000,0x00000000f9c2f6e0,0x00000000fa700000)
  to   space 43520K, 0% used [0x00000000f6a80000,0x00000000f6a80000,0x00000000f9500000)
 ParOldGen       total 349696K, used 349694K [0x00000000e0000000, 0x00000000f5580000, 0x00000000f5580000)
  object space 349696K, 99% used [0x00000000e0000000,0x00000000f557f960,0x00000000f5580000)
 Metaspace       used 56456K, committed 57600K, reserved 1105920K
  class space    used 5595K, committed 6016K, reserved 1048576K
}
Event: 864.895 GC heap after
{Heap after GC invocations=478 (full 393):
 PSYoungGen      total 39936K, used 28861K [0x00000000f5580000, 0x00000000fc000000, 0x0000000100000000)
  eden space 21504K, 99% used [0x00000000f5580000,0x00000000f6a7fff0,0x00000000f6a80000)
  from space 18432K, 39% used [0x00000000f9500000,0x00000000f9c2f6e0,0x00000000fa700000)
  to   space 43520K, 0% used [0x00000000f6a80000,0x00000000f6a80000,0x00000000f9500000)
 ParOldGen       total 349696K, used 349694K [0x00000000e0000000, 0x00000000f5580000, 0x00000000f5580000)
  object space 349696K, 99% used [0x00000000e0000000,0x00000000f557f960,0x00000000f5580000)
 Metaspace       used 56456K, committed 57600K, reserved 1105920K
  class space    used 5595K, committed 6016K, reserved 1048576K
}
Event: 864.896 GC heap before
{Heap before GC invocations=479 (full 394):
 PSYoungGen      total 39936K, used 28861K [0x00000000f5580000, 0x00000000fc000000, 0x0000000100000000)
  eden space 21504K, 99% used [0x00000000f5580000,0x00000000f6a7fff0,0x00000000f6a80000)
  from space 18432K, 39% used [0x00000000f9500000,0x00000000f9c2f6e0,0x00000000fa700000)
  to   space 43520K, 0% used [0x00000000f6a80000,0x00000000f6a80000,0x00000000f9500000)
 ParOldGen       total 349696K, used 349694K [0x00000000e0000000, 0x00000000f5580000, 0x00000000f5580000)
  object space 349696K, 99% used [0x00000000e0000000,0x00000000f557f960,0x00000000f5580000)
 Metaspace       used 56456K, committed 57600K, reserved 1105920K
  class space    used 5595K, committed 6016K, reserved 1048576K
}
Event: 866.620 GC heap after
{Heap after GC invocations=479 (full 394):
 PSYoungGen      total 39936K, used 28861K [0x00000000f5580000, 0x00000000fc000000, 0x0000000100000000)
  eden space 21504K, 99% used [0x00000000f5580000,0x00000000f6a7fff0,0x00000000f6a80000)
  from space 18432K, 39% used [0x00000000f9500000,0x00000000f9c2f6e0,0x00000000fa700000)
  to   space 43520K, 0% used [0x00000000f6a80000,0x00000000f6a80000,0x00000000f9500000)
 ParOldGen       total 349696K, used 349692K [0x00000000e0000000, 0x00000000f5580000, 0x00000000f5580000)
  object space 349696K, 99% used [0x00000000e0000000,0x00000000f557f3c0,0x00000000f5580000)
 Metaspace       used 56456K, committed 57600K, reserved 1105920K
  class space    used 5595K, committed 6016K, reserved 1048576K
}
Event: 866.624 GC heap before
{Heap before GC invocations=480 (full 395):
 PSYoungGen      total 39936K, used 28861K [0x00000000f5580000, 0x00000000fc000000, 0x0000000100000000)
  eden space 21504K, 99% used [0x00000000f5580000,0x00000000f6a7fff0,0x00000000f6a80000)
  from space 18432K, 39% used [0x00000000f9500000,0x00000000f9c2f6e0,0x00000000fa700000)
  to   space 43520K, 0% used [0x00000000f6a80000,0x00000000f6a80000,0x00000000f9500000)
 ParOldGen       total 349696K, used 349695K [0x00000000e0000000, 0x00000000f5580000, 0x00000000f5580000)
  object space 349696K, 99% used [0x00000000e0000000,0x00000000f557fd88,0x00000000f5580000)
 Metaspace       used 56456K, committed 57600K, reserved 1105920K
  class space    used 5595K, committed 6016K, reserved 1048576K
}
Event: 868.174 GC heap after
{Heap after GC invocations=480 (full 395):
 PSYoungGen      total 39936K, used 28861K [0x00000000f5580000, 0x00000000fc000000, 0x0000000100000000)
  eden space 21504K, 99% used [0x00000000f5580000,0x00000000f6a7fff0,0x00000000f6a80000)
  from space 18432K, 39% used [0x00000000f9500000,0x00000000f9c2f6e0,0x00000000fa700000)
  to   space 43520K, 0% used [0x00000000f6a80000,0x00000000f6a80000,0x00000000f9500000)
 ParOldGen       total 349696K, used 349694K [0x00000000e0000000, 0x00000000f5580000, 0x00000000f5580000)
  object space 349696K, 99% used [0x00000000e0000000,0x00000000f557fa80,0x00000000f5580000)
 Metaspace       used 56456K, committed 57600K, reserved 1105920K
  class space    used 5595K, committed 6016K, reserved 1048576K
}
Event: 868.175 GC heap before
{Heap before GC invocations=481 (full 396):
 PSYoungGen      total 39936K, used 28861K [0x00000000f5580000, 0x00000000fc000000, 0x0000000100000000)
  eden space 21504K, 100% used [0x00000000f5580000,0x00000000f6a80000,0x00000000f6a80000)
  from space 18432K, 39% used [0x00000000f9500000,0x00000000f9c2f6e0,0x00000000fa700000)
  to   space 43520K, 0% used [0x00000000f6a80000,0x00000000f6a80000,0x00000000f9500000)
 ParOldGen       total 349696K, used 349695K [0x00000000e0000000, 0x00000000f5580000, 0x00000000f5580000)
  object space 349696K, 99% used [0x00000000e0000000,0x00000000f557ff20,0x00000000f5580000)
 Metaspace       used 56456K, committed 57600K, reserved 1105920K
  class space    used 5595K, committed 6016K, reserved 1048576K
}
Event: 869.805 GC heap after
{Heap after GC invocations=481 (full 396):
 PSYoungGen      total 39936K, used 28861K [0x00000000f5580000, 0x00000000fc000000, 0x0000000100000000)
  eden space 21504K, 99% used [0x00000000f5580000,0x00000000f6a7fff0,0x00000000f6a80000)
  from space 18432K, 39% used [0x00000000f9500000,0x00000000f9c2f6e0,0x00000000fa700000)
  to   space 43520K, 0% used [0x00000000f6a80000,0x00000000f6a80000,0x00000000f9500000)
 ParOldGen       total 349696K, used 349694K [0x00000000e0000000, 0x00000000f5580000, 0x00000000f5580000)
  object space 349696K, 99% used [0x00000000e0000000,0x00000000f557fba0,0x00000000f5580000)
 Metaspace       used 56456K, committed 57600K, reserved 1105920K
  class space    used 5595K, committed 6016K, reserved 1048576K
}
Event: 869.806 GC heap before
{Heap before GC invocations=482 (full 397):
 PSYoungGen      total 39936K, used 28861K [0x00000000f5580000, 0x00000000fc000000, 0x0000000100000000)
  eden space 21504K, 99% used [0x00000000f5580000,0x00000000f6a7fff0,0x00000000f6a80000)
  from space 18432K, 39% used [0x00000000f9500000,0x00000000f9c2f6e0,0x00000000fa700000)
  to   space 43520K, 0% used [0x00000000f6a80000,0x00000000f6a80000,0x00000000f9500000)
 ParOldGen       total 349696K, used 349694K [0x00000000e0000000, 0x00000000f5580000, 0x00000000f5580000)
  object space 349696K, 99% used [0x00000000e0000000,0x00000000f557fbb8,0x00000000f5580000)
 Metaspace       used 56456K, committed 57600K, reserved 1105920K
  class space    used 5595K, committed 6016K, reserved 1048576K
}
Event: 871.615 GC heap after
{Heap after GC invocations=482 (full 397):
 PSYoungGen      total 39936K, used 28861K [0x00000000f5580000, 0x00000000fc000000, 0x0000000100000000)
  eden space 21504K, 99% used [0x00000000f5580000,0x00000000f6a7fff0,0x00000000f6a80000)
  from space 18432K, 39% used [0x00000000f9500000,0x00000000f9c2f6e0,0x00000000fa700000)
  to   space 43520K, 0% used [0x00000000f6a80000,0x00000000f6a80000,0x00000000f9500000)
 ParOldGen       total 349696K, used 349694K [0x00000000e0000000, 0x00000000f5580000, 0x00000000f5580000)
  object space 349696K, 99% used [0x00000000e0000000,0x00000000f557fb98,0x00000000f5580000)
 Metaspace       used 56456K, committed 57600K, reserved 1105920K
  class space    used 5595K, committed 6016K, reserved 1048576K
}
Event: 871.615 GC heap before
{Heap before GC invocations=483 (full 398):
 PSYoungGen      total 39936K, used 28861K [0x00000000f5580000, 0x00000000fc000000, 0x0000000100000000)
  eden space 21504K, 99% used [0x00000000f5580000,0x00000000f6a7fff0,0x00000000f6a80000)
  from space 18432K, 39% used [0x00000000f9500000,0x00000000f9c2f6e0,0x00000000fa700000)
  to   space 43520K, 0% used [0x00000000f6a80000,0x00000000f6a80000,0x00000000f9500000)
 ParOldGen       total 349696K, used 349694K [0x00000000e0000000, 0x00000000f5580000, 0x00000000f5580000)
  object space 349696K, 99% used [0x00000000e0000000,0x00000000f557fb98,0x00000000f5580000)
 Metaspace       used 56456K, committed 57600K, reserved 1105920K
  class space    used 5595K, committed 6016K, reserved 1048576K
}
Event: 873.221 GC heap after
{Heap after GC invocations=483 (full 398):
 PSYoungGen      total 39936K, used 28861K [0x00000000f5580000, 0x00000000fc000000, 0x0000000100000000)
  eden space 21504K, 99% used [0x00000000f5580000,0x00000000f6a7fff0,0x00000000f6a80000)
  from space 18432K, 39% used [0x00000000f9500000,0x00000000f9c2f6e0,0x00000000fa700000)
  to   space 43520K, 0% used [0x00000000f6a80000,0x00000000f6a80000,0x00000000f9500000)
 ParOldGen       total 349696K, used 349694K [0x00000000e0000000, 0x00000000f5580000, 0x00000000f5580000)
  object space 349696K, 99% used [0x00000000e0000000,0x00000000f557fb98,0x00000000f5580000)
 Metaspace       used 56456K, committed 57600K, reserved 1105920K
  class space    used 5595K, committed 6016K, reserved 1048576K
}

Dll operation events (9 events):
Event: 0.003 Loaded shared library /nix/store/gpxl5qgg8kicmcvivwmybwjlpf7wh20l-graalvm17-ce-22.3.0/lib/libjava.so
Event: 0.011 Loaded shared library /nix/store/gpxl5qgg8kicmcvivwmybwjlpf7wh20l-graalvm17-ce-22.3.0/lib/libjsvml.so
Event: 0.311 Loaded shared library /nix/store/gpxl5qgg8kicmcvivwmybwjlpf7wh20l-graalvm17-ce-22.3.0/lib/libnio.so
Event: 0.315 Loaded shared library /nix/store/gpxl5qgg8kicmcvivwmybwjlpf7wh20l-graalvm17-ce-22.3.0/lib/libzip.so
Event: 0.318 Loaded shared library /nix/store/gpxl5qgg8kicmcvivwmybwjlpf7wh20l-graalvm17-ce-22.3.0/lib/libjvmcicompiler.so
Event: 0.883 Loaded shared library /nix/store/gpxl5qgg8kicmcvivwmybwjlpf7wh20l-graalvm17-ce-22.3.0/lib/libjimage.so
Event: 1.488 Loaded shared library /nix/store/gpxl5qgg8kicmcvivwmybwjlpf7wh20l-graalvm17-ce-22.3.0/lib/libnet.so
Event: 5.573 Loaded shared library /home/runner/.cache/jdt-language-server/config/org.eclipse.equinox.launcher/org.eclipse.equinox.launcher.gtk.linux.x86_64_1.2.400.v20211117-0650/eclipse_11600.so
Event: 16.380 Loaded shared library /nix/store/gpxl5qgg8kicmcvivwmybwjlpf7wh20l-graalvm17-ce-22.3.0/lib/libextnet.so

Deoptimization events (20 events):
Event: 79.802 Thread 0x00007fed44485a20 DEOPT PACKING pc=0x00007fed9856a7dd sp=0x00007fed5d3fe530
Event: 79.802 Thread 0x00007fed44485a20 DEOPT UNPACKING pc=0x00007fed97505325 sp=0x00007fed5d3fda20 mode 0
Event: 79.805 Thread 0x00007fed44485a20 DEOPT PACKING pc=0x00007fed9856a7dd sp=0x00007fed5d3fe530
Event: 79.805 Thread 0x00007fed44485a20 DEOPT UNPACKING pc=0x00007fed97505325 sp=0x00007fed5d3fda20 mode 0
Event: 79.808 Thread 0x00007fed44485a20 DEOPT PACKING pc=0x00007fed9856a7dd sp=0x00007fed5d3fe530
Event: 79.808 Thread 0x00007fed44485a20 DEOPT UNPACKING pc=0x00007fed97505325 sp=0x00007fed5d3fda20 mode 0
Event: 79.875 Thread 0x00007fed44485a20 DEOPT PACKING pc=0x00007fed9856a7dd sp=0x00007fed5d3fe530
Event: 79.875 Thread 0x00007fed44485a20 DEOPT UNPACKING pc=0x00007fed97505325 sp=0x00007fed5d3fda20 mode 0
Event: 461.665 Thread 0x00007fed18003cb0 Uncommon trap: trap_request=0xffffffed fr.pc=0x00007fed9f0ea1db relative=0x000000000000005b
Event: 461.665 Thread 0x00007fed18003cb0 Uncommon trap: reason=null_assert_or_unreached0 action=reinterpret pc=0x00007fed9f0ea1db method=java.lang.Thread.interrupted()Z @ 8 jvmci
Event: 461.665 Thread 0x00007fed18003cb0 DEOPT PACKING pc=0x00007fed9f0ea1db sp=0x00007fed5dafe650
Event: 461.666 Thread 0x00007fed18003cb0 DEOPT UNPACKING pc=0x00007fed97505325 sp=0x00007fed5dafdae0 mode 3
Event: 861.495 Thread 0x00007fed44485a20 Uncommon trap: trap_request=0xffffff8f fr.pc=0x00007fed9f18ca28 relative=0x00000000000011e8
Event: 861.495 Thread 0x00007fed44485a20 Uncommon trap: reason=constraint action=none pc=0x00007fed9f18ca28 method=org.eclipse.jdt.internal.core.index.DiskIndex.copyQueryResults(Lorg/eclipse/jdt/internal/compiler/util/HashtableOfObject;I)V @ 123 jvmci
Event: 861.495 Thread 0x00007fed44485a20 DEOPT PACKING pc=0x00007fed9f18ca28 sp=0x00007fed5d3fe530
Event: 861.495 Thread 0x00007fed44485a20 DEOPT UNPACKING pc=0x00007fed97505325 sp=0x00007fed5d3fda28 mode 3
Event: 864.896 Thread 0x00007fed44485a20 Uncommon trap: trap_request=0xffffff8f fr.pc=0x00007fed9f162a94 relative=0x0000000000000274
Event: 864.896 Thread 0x00007fed44485a20 Uncommon trap: reason=constraint action=none pc=0x00007fed9f162a94 method=org.eclipse.jdt.internal.core.index.DiskIndex$IntList.add(I)V @ 0 jvmci
Event: 864.896 Thread 0x00007fed44485a20 DEOPT PACKING pc=0x00007fed9f162a94 sp=0x00007fed5d3fe500
Event: 864.896 Thread 0x00007fed44485a20 DEOPT UNPACKING pc=0x00007fed97505325 sp=0x00007fed5d3fd9b0 mode 3

Classes unloaded (20 events):
Event: 196.099 Thread 0x00007fedb00a1710 Unloading class 0x0000000801122c00 'jdk/internal/reflect/GeneratedSerializationConstructorAccessor17'
Event: 196.099 Thread 0x00007fedb00a1710 Unloading class 0x0000000801122800 'jdk/internal/reflect/GeneratedSerializationConstructorAccessor16'
Event: 196.099 Thread 0x00007fedb00a1710 Unloading class 0x0000000801122400 'jdk/internal/reflect/GeneratedSerializationConstructorAccessor15'
Event: 196.099 Thread 0x00007fedb00a1710 Unloading class 0x0000000801121800 'jdk/internal/reflect/GeneratedConstructorAccessor38'
Event: 196.099 Thread 0x00007fedb00a1710 Unloading class 0x0000000801121400 'jdk/internal/reflect/GeneratedSerializationConstructorAccessor14'
Event: 196.099 Thread 0x00007fedb00a1710 Unloading class 0x0000000801121000 'jdk/internal/reflect/GeneratedSerializationConstructorAccessor13'
Event: 196.099 Thread 0x00007fedb00a1710 Unloading class 0x0000000801120c00 'jdk/internal/reflect/GeneratedSerializationConstructorAccessor12'
Event: 196.100 Thread 0x00007fedb00a1710 Unloading class 0x0000000801120800 'jdk/internal/reflect/GeneratedMethodAccessor12'
Event: 196.100 Thread 0x00007fedb00a1710 Unloading class 0x0000000801120400 'jdk/internal/reflect/GeneratedMethodAccessor11'
Event: 196.100 Thread 0x00007fedb00a1710 Unloading class 0x0000000801120000 'jdk/internal/reflect/GeneratedSerializationConstructorAccessor11'
Event: 196.100 Thread 0x00007fedb00a1710 Unloading class 0x000000080111cc00 'jdk/internal/reflect/GeneratedSerializationConstructorAccessor10'
Event: 196.100 Thread 0x00007fedb00a1710 Unloading class 0x000000080111c800 'jdk/internal/reflect/GeneratedSerializationConstructorAccessor9'
Event: 196.100 Thread 0x00007fedb00a1710 Unloading class 0x000000080111c400 'jdk/internal/reflect/GeneratedSerializationConstructorAccessor8'
Event: 196.100 Thread 0x00007fedb00a1710 Unloading class 0x0000000801088400 'jdk/internal/reflect/GeneratedSerializationConstructorAccessor2'
Event: 196.100 Thread 0x00007fedb00a1710 Unloading class 0x0000000801088000 'jdk/internal/reflect/GeneratedSerializationConstructorAccessor1'
Event: 199.496 Thread 0x00007fedb00a1710 Unloading class 0x000000080111c000 'jdk/internal/reflect/GeneratedConstructorAccessor37'
Event: 208.611 Thread 0x00007fedb00a1710 Unloading class 0x00000008010e4c00 'jdk/internal/reflect/GeneratedMethodAccessor10'
Event: 208.611 Thread 0x00007fedb00a1710 Unloading class 0x00000008010e4800 'jdk/internal/reflect/GeneratedMethodAccessor9'
Event: 208.611 Thread 0x00007fedb00a1710 Unloading class 0x00000008010e4000 'jdk/internal/reflect/GeneratedMethodAccessor7'
Event: 210.585 Thread 0x00007fedb00a1710 Unloading class 0x00000008010e4400 'jdk/internal/reflect/GeneratedMethodAccessor8'

Classes redefined (0 events):
No events

Internal exceptions (20 events):
Event: 51.699 Thread 0x00007fed40001580 Exception <a 'java/lang/NoSuchMethodError'{0x00000000f62fae60}: static [Lorg/eclipse/core/runtime/IPath;.<clinit>()V> (0x00000000f62fae60) 
thrown [src/hotspot/share/prims/jni.cpp, line 1107]
Event: 51.804 Thread 0x00007fed40001580 Exception <a 'java/lang/NoSuchMethodError'{0x00000000f65b7218}: static [J.<clinit>()V> (0x00000000f65b7218) 
thrown [src/hotspot/share/prims/jni.cpp, line 1107]
Event: 53.071 Thread 0x00007fed44305640 Exception <a 'java/lang/NoSuchMethodError'{0x00000000f5d2fd90}: 'java.lang.Object java.lang.invoke.DirectMethodHandle$Holder.newInvokeSpecial(java.lang.Object, java.lang.Object, java.lang.Object, int, java.lang.Object)'> (0x00000000f5d2fd90) 
thrown [src/hotspot/share/interpreter/linkResolver.cpp, line 758]
Event: 53.072 Thread 0x00007fed44305640 Exception <a 'java/lang/NoSuchMethodError'{0x00000000f5d33ee8}: 'java.lang.Object java.lang.invoke.DirectMethodHandle$Holder.invokeSpecial(java.lang.Object, java.lang.Object, java.lang.Object, java.lang.Object, int, java.lang.Object)'> (0x00000000f5d33ee8) 
thrown [src/hotspot/share/interpreter/linkResolver.cpp, line 758]
Event: 53.072 Thread 0x00007fed44305640 Exception <a 'java/lang/NoSuchMethodError'{0x00000000f5d37998}: 'java.lang.Object java.lang.invoke.Invokers$Holder.linkToTargetMethod(java.lang.Object, java.lang.Object, int, java.lang.Object, java.lang.Object)'> (0x00000000f5d37998) 
thrown [src/hotspot/share/interpreter/linkResolver.cpp, line 758]
Event: 54.595 Thread 0x00007fed44485a20 Implicit null exception at 0x00007fed9f179172 to 0x00007fed9f17cfb5
Event: 56.400 Thread 0x00007fed38007280 Exception <a 'java/lang/NoSuchMethodError'{0x00000000f55c5890}: 'java.lang.Object java.lang.invoke.DirectMethodHandle$Holder.invokeStatic(java.lang.Object, java.lang.Object, java.lang.Object, long)'> (0x00000000f55c5890) 
thrown [src/hotspot/share/interpreter/linkResolver.cpp, line 758]
Event: 56.401 Thread 0x00007fed38007280 Exception <a 'java/lang/NoSuchMethodError'{0x00000000f55ccf88}: 'java.lang.Object java.lang.invoke.DirectMethodHandle$Holder.newInvokeSpecial(java.lang.Object, java.lang.Object, java.lang.Object, long)'> (0x00000000f55ccf88) 
thrown [src/hotspot/share/interpreter/linkResolver.cpp, line 758]
Event: 56.402 Thread 0x00007fed38007280 Exception <a 'java/lang/NoSuchMethodError'{0x00000000f55d10a0}: 'java.lang.Object java.lang.invoke.DirectMethodHandle$Holder.invokeSpecial(java.lang.Object, java.lang.Object, java.lang.Object, java.lang.Object, long)'> (0x00000000f55d10a0) 
thrown [src/hotspot/share/interpreter/linkResolver.cpp, line 758]
Event: 56.411 Thread 0x00007fed38007280 Exception <a 'java/lang/NoSuchMethodError'{0x00000000f55d49c8}: 'java.lang.Object java.lang.invoke.Invokers$Holder.linkToTargetMethod(java.lang.Object, java.lang.Object, long, java.lang.Object)'> (0x00000000f55d49c8) 
thrown [src/hotspot/share/interpreter/linkResolver.cpp, line 758]
Event: 56.687 Thread 0x00007fed38007280 Exception <a 'java/io/FileNotFoundException'{0x00000000f58eeb68}> (0x00000000f58eeb68) 
thrown [src/hotspot/share/prims/jni.cpp, line 516]
Event: 58.204 Thread 0x00007fed38007280 Implicit null exception at 0x00007fed9f198322 to 0x00007fed9f1986ac
Event: 58.799 Thread 0x00007fed38007280 Implicit null exception at 0x00007fed9f0e1de9 to 0x00007fed9f0e1f9b
Event: 64.999 Thread 0x00007fed38285d20 Exception <a 'java/lang/NoSuchMethodError'{0x00000000f5d2bdd8}: 'java.lang.Object java.lang.invoke.DirectMethodHandle$Holder.newInvokeSpecial(java.lang.Object, java.lang.Object, int, java.lang.Object, java.lang.Object)'> (0x00000000f5d2bdd8) 
thrown [src/hotspot/share/interpreter/linkResolver.cpp, line 758]
Event: 65.000 Thread 0x00007fed38285d20 Exception <a 'java/lang/NoSuchMethodError'{0x00000000f5d31328}: 'java.lang.Object java.lang.invoke.DirectMethodHandle$Holder.invokeSpecial(java.lang.Object, java.lang.Object, java.lang.Object, int, java.lang.Object, java.lang.Object)'> (0x00000000f5d31328) 
thrown [src/hotspot/share/interpreter/linkResolver.cpp, line 758]
Event: 861.495 Thread 0x00007fed44485a20 Exception <a 'java/lang/OutOfMemoryError'{0x00000000e0004c40}> (0x00000000e0004c40) 
thrown [src/hotspot/share/gc/shared/memAllocator.cpp, line 138]
Event: 861.495 Thread 0x00007fed44485a20 Implicit null exception at 0x00007fed9f18c48e to 0x00007fed9f18ca0d
Event: 864.896 Thread 0x00007fed44485a20 Exception <a 'java/lang/OutOfMemoryError'{0x00000000e00046a0}> (0x00000000e00046a0) 
thrown [src/hotspot/share/gc/shared/memAllocator.cpp, line 138]
Event: 864.896 Thread 0x00007fed44485a20 Implicit null exception at 0x00007fed9f1629ed to 0x00007fed9f162a79
Event: 873.221 Thread 0x00007fedb00b1cd0 Exception <a 'java/lang/OutOfMemoryError'{0x00000000e0004420}> (0x00000000e0004420) 
thrown [src/hotspot/share/gc/shared/memAllocator.cpp, line 136]

VM Operations (20 events):
Event: 853.392 Executing VM operation: ParallelGCFailedAllocation done
Event: 853.393 Executing VM operation: ParallelGCFailedAllocation
Event: 855.199 Executing VM operation: ParallelGCFailedAllocation done
Event: 855.199 Executing VM operation: ParallelGCFailedAllocation
Event: 856.673 Executing VM operation: ParallelGCFailedAllocation done
Event: 856.673 Executing VM operation: ParallelGCFailedAllocation
Event: 858.213 Executing VM operation: ParallelGCFailedAllocation done
Event: 858.213 Executing VM operation: ParallelGCFailedAllocation
Event: 861.495 Executing VM operation: ParallelGCFailedAllocation done
Event: 861.495 Executing VM operation: ParallelGCFailedAllocation
Event: 864.896 Executing VM operation: ParallelGCFailedAllocation done
Event: 864.896 Executing VM operation: ParallelGCFailedAllocation
Event: 866.620 Executing VM operation: ParallelGCFailedAllocation done
Event: 866.624 Executing VM operation: ParallelGCFailedAllocation
Event: 868.174 Executing VM operation: ParallelGCFailedAllocation done
Event: 868.175 Executing VM operation: ParallelGCFailedAllocation
Event: 869.805 Executing VM operation: ParallelGCFailedAllocation done
Event: 869.806 Executing VM operation: ParallelGCFailedAllocation
Event: 873.221 Executing VM operation: ParallelGCFailedAllocation done
Event: 873.222 Executing VM operation: ParallelGCFailedAllocation

Events (20 events):
Event: 67.078 Thread 0x00007fedb00b4630 flushing nmethod 0x00007fed989f4f90
Event: 67.078 Thread 0x00007fedb00b4630 flushing nmethod 0x00007fed989f7590
Event: 67.078 Thread 0x00007fedb00b4630 flushing nmethod 0x00007fed989f7d90
Event: 67.078 Thread 0x00007fedb00b4630 flushing nmethod 0x00007fed989f8b90
Event: 67.078 Thread 0x00007fedb00b4630 flushing nmethod 0x00007fed989f9290
Event: 67.078 Thread 0x00007fedb00b4630 flushing nmethod 0x00007fed989fa510
Event: 67.078 Thread 0x00007fedb00b4630 flushing nmethod 0x00007fed989fb290
Event: 67.078 Thread 0x00007fedb00b4630 flushing nmethod 0x00007fed989fb610
Event: 67.078 Thread 0x00007fedb00b4630 flushing nmethod 0x00007fed989fc290
Event: 67.078 Thread 0x00007fedb00b4630 flushing nmethod 0x00007fed98a01010
Event: 67.078 Thread 0x00007fedb00b4630 flushing nmethod 0x00007fed98a40190
Event: 67.078 Thread 0x00007fedb00b4630 flushing nmethod 0x00007fed98a40610
Event: 106.576 Thread 0x00007fed18005180 Thread exited: 0x00007fed18005180
Event: 137.692 Thread 0x00007fed44305640 Thread exited: 0x00007fed44305640
Event: 142.916 Thread 0x00007fed38007280 Thread exited: 0x00007fed38007280
Event: 142.917 Thread 0x00007fed1c000ff0 Thread exited: 0x00007fed1c000ff0
Event: 142.918 Thread 0x00007fed380010d0 Thread exited: 0x00007fed380010d0
Event: 458.473 Thread 0x00007fed40439f40 Thread exited: 0x00007fed40439f40
Event: 464.983 Thread 0x00007fed18003cb0 Thread exited: 0x00007fed18003cb0
Event: 508.373 Thread 0x00007fed4043a950 Thread exited: 0x00007fed4043a950


Dynamic libraries:
e0000000-f3f80000 rw-p 00000000 00:00 0 
f3f80000-fc000000 rw-p 00000000 00:00 0 
fc000000-100000000 ---p 00000000 00:00 0 
800000000-800449000 rw-p 00001000 00:960 4611686019135357769             /nix/store/gpxl5qgg8kicmcvivwmybwjlpf7wh20l-graalvm17-ce-22.3.0/lib/server/classes.jsa
800449000-800bc8000 r--p 0044a000 00:960 4611686019135357769             /nix/store/gpxl5qgg8kicmcvivwmybwjlpf7wh20l-graalvm17-ce-22.3.0/lib/server/classes.jsa
800bc8000-800c00000 ---p 00000000 00:00 0 
800c00000-800c10000 rw-p 00000000 00:00 0 
800c10000-800c30000 rw-p 00000000 00:00 0 
800c30000-800cb0000 rw-p 00000000 00:00 0 
800cb0000-800cf0000 rw-p 00000000 00:00 0 
800cf0000-800db0000 rw-p 00000000 00:00 0 
800db0000-800df0000 rw-p 00000000 00:00 0 
800df0000-800f30000 rw-p 00000000 00:00 0 
800f30000-800fb0000 rw-p 00000000 00:00 0 
800fb0000-800ff0000 rw-p 00000000 00:00 0 
800ff0000-8011e0000 rw-p 00000000 00:00 0 
8011e0000-840c00000 ---p 00000000 00:00 0 
5555568a1000-5555568a2000 r-xp 00000000 00:960 4611686019099417844       /nix/store/gpxl5qgg8kicmcvivwmybwjlpf7wh20l-graalvm17-ce-22.3.0/bin/.java-wrapped
5555568a3000-5555568a4000 r--p 00001000 00:960 4611686019099417844       /nix/store/gpxl5qgg8kicmcvivwmybwjlpf7wh20l-graalvm17-ce-22.3.0/bin/.java-wrapped
5555568a4000-5555568a5000 rw-p 00002000 00:960 4611686019099417844       /nix/store/gpxl5qgg8kicmcvivwmybwjlpf7wh20l-graalvm17-ce-22.3.0/bin/.java-wrapped
5555568a5000-5555568a6000 rw-p 00004000 00:960 4611686019099417844       /nix/store/gpxl5qgg8kicmcvivwmybwjlpf7wh20l-graalvm17-ce-22.3.0/bin/.java-wrapped
5555568a6000-5555568a7000 rw-p 00005000 00:960 4611686019099417844       /nix/store/gpxl5qgg8kicmcvivwmybwjlpf7wh20l-graalvm17-ce-22.3.0/bin/.java-wrapped
555557b88000-555557bd0000 rw-p 00000000 00:00 0                          [heap]
7fecec000000-7fecec021000 rw-p 00000000 00:00 0 
7fecec021000-7fecf0000000 ---p 00000000 00:00 0 
7fecf4000000-7fecf4021000 rw-p 00000000 00:00 0 
7fecf4021000-7fecf8000000 ---p 00000000 00:00 0 
7fecf8000000-7fecf8021000 rw-p 00000000 00:00 0 
7fecf8021000-7fecfc000000 ---p 00000000 00:00 0 
7fecfc000000-7fecfc021000 rw-p 00000000 00:00 0 
7fecfc021000-7fed00000000 ---p 00000000 00:00 0 
7fed00000000-7fed00021000 rw-p 00000000 00:00 0 
7fed00021000-7fed04000000 ---p 00000000 00:00 0 
7fed04000000-7fed04021000 rw-p 00000000 00:00 0 
7fed04021000-7fed08000000 ---p 00000000 00:00 0 
7fed08000000-7fed08260000 rw-p 00000000 00:00 0 
7fed08260000-7fed08800000 ---p 00000000 00:00 0 
7fed08c00000-7fed09170000 rw-p 00000000 00:00 0 
7fed09170000-7fed09400000 rw-p 00000000 00:00 0 
7fed09cb3000-7fed13800000 r--s 00000000 00:960 4611686019135192581       /nix/store/gpxl5qgg8kicmcvivwmybwjlpf7wh20l-graalvm17-ce-22.3.0/lib/modules
7fed13800000-7fed13cf0000 rw-p 00000000 00:00 0 
7fed13cf0000-7fed13df0000 rw-p 00000000 00:00 0 
7fed13df0000-7fed14000000 rw-p 00000000 00:00 0 
7fed14000000-7fed14068000 rw-p 00000000 00:00 0 
7fed14068000-7fed18000000 ---p 00000000 00:00 0 
7fed18000000-7fed18021000 rw-p 00000000 00:00 0 
7fed18021000-7fed1c000000 ---p 00000000 00:00 0 
7fed1c000000-7fed1c219000 rw-p 00000000 00:00 0 
7fed1c219000-7fed20000000 ---p 00000000 00:00 0 
7fed20000000-7fed20153000 rw-p 00000000 00:00 0 
7fed20153000-7fed24000000 ---p 00000000 00:00 0 
7fed24000000-7fed24021000 rw-p 00000000 00:00 0 
7fed24021000-7fed28000000 ---p 00000000 00:00 0 
7fed28000000-7fed28021000 rw-p 00000000 00:00 0 
7fed28021000-7fed2c000000 ---p 00000000 00:00 0 
7fed2c000000-7fed2c02c000 rw-p 00000000 00:00 0 
7fed2c02c000-7fed30000000 ---p 00000000 00:00 0 
7fed30000000-7fed30074000 rw-p 00000000 00:00 0 
7fed30074000-7fed34000000 ---p 00000000 00:00 0 
7fed34000000-7fed34021000 rw-p 00000000 00:00 0 
7fed34021000-7fed38000000 ---p 00000000 00:00 0 
7fed38000000-7fed3830a000 rw-p 00000000 00:00 0 
7fed3830a000-7fed3c000000 ---p 00000000 00:00 0 
7fed3c000000-7fed3c021000 rw-p 00000000 00:00 0 
7fed3c021000-7fed40000000 ---p 00000000 00:00 0 
7fed40000000-7fed404e4000 rw-p 00000000 00:00 0 
7fed404e4000-7fed44000000 ---p 00000000 00:00 0 
7fed44000000-7fed44913000 rw-p 00000000 00:00 0 
7fed44913000-7fed48000000 ---p 00000000 00:00 0 
7fed48000000-7fed48025000 rw-p 00000000 00:00 0 
7fed48025000-7fed4c000000 ---p 00000000 00:00 0 
7fed4c000000-7fed4c021000 rw-p 00000000 00:00 0 
7fed4c021000-7fed50000000 ---p 00000000 00:00 0 
7fed50000000-7fed50021000 rw-p 00000000 00:00 0 
7fed50021000-7fed54000000 ---p 00000000 00:00 0 
7fed54000000-7fed54021000 rw-p 00000000 00:00 0 
7fed54021000-7fed58000000 ---p 00000000 00:00 0 
7fed58400000-7fed584b0000 rw-p 00000000 00:00 0 
7fed584b0000-7fed584f0000 rw-p 00000000 00:00 0 
7fed584f0000-7fed586f0000 rw-p 00000000 00:00 0 
7fed586f0000-7fed588f0000 rw-p 00000000 00:00 0 
7fed588f0000-7fed58af0000 rw-p 00000000 00:00 0 
7fed58af0000-7fed58bf0000 rw-p 00000000 00:00 0 
7fed58bf0000-7fed58cf0000 rw-p 00000000 00:00 0 
7fed58cf0000-7fed58df0000 rw-p 00000000 00:00 0 
7fed58df0000-7fed593b0000 rw-p 00000000 00:00 0 
7fed593b0000-7fed593f0000 rw-p 00000000 00:00 0 
7fed593f0000-7fed594f0000 rw-p 00000000 00:00 0 
7fed594f0000-7fed595f0000 rw-p 00000000 00:00 0 
7fed595f0000-7fed598f0000 rw-p 00000000 00:00 0 
7fed598f0000-7fed599f0000 rw-p 00000000 00:00 0 
7fed599f0000-7fed59c00000 rw-p 00000000 00:00 0 
7fed59e00000-7fed59e10000 r-xp 00000000 00:8d1 366                       /home/runner/.cache/jdt-language-server/config/org.eclipse.equinox.launcher/org.eclipse.equinox.launcher.gtk.linux.x86_64_1.2.400.v20211117-0650/eclipse_11600.so
7fed59e10000-7fed5a00f000 ---p 00010000 00:8d1 366                       /home/runner/.cache/jdt-language-server/config/org.eclipse.equinox.launcher/org.eclipse.equinox.launcher.gtk.linux.x86_64_1.2.400.v20211117-0650/eclipse_11600.so
7fed5a00f000-7fed5a010000 r--p 0000f000 00:8d1 366                       /home/runner/.cache/jdt-language-server/config/org.eclipse.equinox.launcher/org.eclipse.equinox.launcher.gtk.linux.x86_64_1.2.400.v20211117-0650/eclipse_11600.so
7fed5a010000-7fed5a011000 rw-p 00010000 00:8d1 366                       /home/runner/.cache/jdt-language-server/config/org.eclipse.equinox.launcher/org.eclipse.equinox.launcher.gtk.linux.x86_64_1.2.400.v20211117-0650/eclipse_11600.so
7fed5b300000-7fed5b400000 ---p 00000000 00:00 0 
7fed5b400000-7fed5b9af000 r--p 01122000 00:960 4611686019135190040       /nix/store/gpxl5qgg8kicmcvivwmybwjlpf7wh20l-graalvm17-ce-22.3.0/lib/libjvmcicompiler.so
7fed5b9af000-7fed5bb00000 r--p 00000000 00:00 0 
7fed5bb00000-7fed5bb3d000 rw-p 00000000 00:00 0 
7fed5bb3d000-7fed5c05d000 rw-p 0185f000 00:960 4611686019135190040       /nix/store/gpxl5qgg8kicmcvivwmybwjlpf7wh20l-graalvm17-ce-22.3.0/lib/libjvmcicompiler.so
7fed5c05d000-7fed5c444000 r--p 01d7f000 00:960 4611686019135190040       /nix/store/gpxl5qgg8kicmcvivwmybwjlpf7wh20l-graalvm17-ce-22.3.0/lib/libjvmcicompiler.so
7fed5c500000-7fed5c504000 ---p 00000000 00:00 0 
7fed5c504000-7fed5c600000 rw-p 00000000 00:00 0 
7fed5c700000-7fed5c704000 ---p 00000000 00:00 0 
7fed5c704000-7fed5c800000 rw-p 00000000 00:00 0 
7fed5c800000-7fed5c804000 ---p 00000000 00:00 0 
7fed5c804000-7fed5c900000 rw-p 00000000 00:00 0 
7fed5c900000-7fed5c904000 ---p 00000000 00:00 0 
7fed5c904000-7fed5ca00000 rw-p 00000000 00:00 0 
7fed5cb00000-7fed5cb04000 ---p 00000000 00:00 0 
7fed5cb04000-7fed5cc00000 rw-p 00000000 00:00 0 
7fed5cd00000-7fed5cd04000 ---p 00000000 00:00 0 
7fed5cd04000-7fed5ce00000 rw-p 00000000 00:00 0 
7fed5cf00000-7fed5cf04000 ---p 00000000 00:00 0 
7fed5cf04000-7fed5d000000 rw-p 00000000 00:00 0 
7fed5d100000-7fed5d104000 ---p 00000000 00:00 0 
7fed5d104000-7fed5d200000 rw-p 00000000 00:00 0 
7fed5d300000-7fed5d304000 ---p 00000000 00:00 0 
7fed5d304000-7fed5d400000 rw-p 00000000 00:00 0 
7fed5d500000-7fed5d504000 ---p 00000000 00:00 0 
7fed5d504000-7fed5d600000 rw-p 00000000 00:00 0 
7fed5d600000-7fed5d604000 ---p 00000000 00:00 0 
7fed5d604000-7fed5d700000 rw-p 00000000 00:00 0 
7fed5d700000-7fed5d704000 ---p 00000000 00:00 0 
7fed5d704000-7fed5d800000 rw-p 00000000 00:00 0 
7fed5d900000-7fed5d904000 ---p 00000000 00:00 0 
7fed5d904000-7fed5da00000 rw-p 00000000 00:00 0 
7fed5da00000-7fed5da04000 ---p 00000000 00:00 0 
7fed5da04000-7fed5db00000 rw-p 00000000 00:00 0 
7fed5db00000-7fed5db04000 ---p 00000000 00:00 0 
7fed5db04000-7fed5dc00000 rw-p 00000000 00:00 0 
7fed5dc00000-7fed5fd6a000 r-xp 00000000 00:960 4611686019135190040       /nix/store/gpxl5qgg8kicmcvivwmybwjlpf7wh20l-graalvm17-ce-22.3.0/lib/libjvmcicompiler.so
7fed5fd6a000-7fed5ff69000 ---p 0216a000 00:960 4611686019135190040       /nix/store/gpxl5qgg8kicmcvivwmybwjlpf7wh20l-graalvm17-ce-22.3.0/lib/libjvmcicompiler.so
7fed5ff69000-7fed5ff6a000 r--p 02169000 00:960 4611686019135190040       /nix/store/gpxl5qgg8kicmcvivwmybwjlpf7wh20l-graalvm17-ce-22.3.0/lib/libjvmcicompiler.so
7fed5ff6a000-7fed5ff6c000 rw-p 0216a000 00:960 4611686019135190040       /nix/store/gpxl5qgg8kicmcvivwmybwjlpf7wh20l-graalvm17-ce-22.3.0/lib/libjvmcicompiler.so
7fed5ff6c000-7fed5ff6d000 rw-p 00000000 00:00 0 
7fed5ff6d000-7fed5ff72000 rw-p 023c3000 00:960 4611686019135190040       /nix/store/gpxl5qgg8kicmcvivwmybwjlpf7wh20l-graalvm17-ce-22.3.0/lib/libjvmcicompiler.so
7fed60000000-7fed60021000 rw-p 00000000 00:00 0 
7fed60021000-7fed64000000 ---p 00000000 00:00 0 
7fed64000000-7fed64021000 rw-p 00000000 00:00 0 
7fed64021000-7fed68000000 ---p 00000000 00:00 0 
7fed68000000-7fed68021000 rw-p 00000000 00:00 0 
7fed68021000-7fed6c000000 ---p 00000000 00:00 0 
7fed6c000000-7fed6c021000 rw-p 00000000 00:00 0 
7fed6c021000-7fed70000000 ---p 00000000 00:00 0 
7fed70000000-7fed700b8000 rw-p 00000000 00:00 0 
7fed700b8000-7fed74000000 ---p 00000000 00:00 0 
7fed74000000-7fed74c35000 rw-p 00000000 00:00 0 
7fed74c35000-7fed78000000 ---p 00000000 00:00 0 
7fed78000000-7fed78021000 rw-p 00000000 00:00 0 
7fed78021000-7fed7c000000 ---p 00000000 00:00 0 
7fed7c000000-7fed7c021000 rw-p 00000000 00:00 0 
7fed7c021000-7fed80000000 ---p 00000000 00:00 0 
7fed80000000-7fed80021000 rw-p 00000000 00:00 0 
7fed80021000-7fed84000000 ---p 00000000 00:00 0 
7fed84000000-7fed84021000 rw-p 00000000 00:00 0 
7fed84021000-7fed88000000 ---p 00000000 00:00 0 
7fed88000000-7fed88021000 rw-p 00000000 00:00 0 
7fed88021000-7fed8c000000 ---p 00000000 00:00 0 
7fed8c000000-7fed8c021000 rw-p 00000000 00:00 0 
7fed8c021000-7fed90000000 ---p 00000000 00:00 0 
7fed90000000-7fed90064000 rw-p 00000000 00:00 0 
7fed90064000-7fed94000000 ---p 00000000 00:00 0 
7fed94000000-7fed94004000 ---p 00000000 00:00 0 
7fed94004000-7fed94100000 rw-p 00000000 00:00 0 
7fed94100000-7fed94104000 ---p 00000000 00:00 0 
7fed94104000-7fed94200000 rw-p 00000000 00:00 0 
7fed94200000-7fed94204000 ---p 00000000 00:00 0 
7fed94204000-7fed94300000 rw-p 00000000 00:00 0 
7fed94400000-7fed94404000 ---p 00000000 00:00 0 
7fed94404000-7fed94500000 rw-p 00000000 00:00 0 
7fed94600000-7fed94604000 ---p 00000000 00:00 0 
7fed94604000-7fed94700000 rw-p 00000000 00:00 0 
7fed94700000-7fed94704000 ---p 00000000 00:00 0 
7fed94704000-7fed94800000 rw-p 00000000 00:00 0 
7fed94800000-7fed94804000 ---p 00000000 00:00 0 
7fed94804000-7fed94900000 rw-p 00000000 00:00 0 
7fed95568000-7fed95a00000 rw-p 00000000 00:00 0 
7fed95a46000-7fed95a47000 ---p 00000000 00:00 0 
7fed95a47000-7fed95b48000 rw-p 00000000 00:00 0 
7fed95b48000-7fed95b4c000 ---p 00000000 00:00 0 
7fed95b4c000-7fed95c48000 rw-p 00000000 00:00 0 
7fed95c48000-7fed95c4c000 ---p 00000000 00:00 0 
7fed95c4c000-7fed95d48000 rw-p 00000000 00:00 0 
7fed95d48000-7fed95d4c000 ---p 00000000 00:00 0 
7fed95d4c000-7fed95e48000 rw-p 00000000 00:00 0 
7fed95e48000-7fed95e4c000 ---p 00000000 00:00 0 
7fed95e4c000-7fed96048000 rw-p 00000000 00:00 0 
7fed96048000-7fed9604c000 ---p 00000000 00:00 0 
7fed9604c000-7fed96248000 rw-p 00000000 00:00 0 
7fed96248000-7fed9624c000 ---p 00000000 00:00 0 
7fed9624c000-7fed96348000 rw-p 00000000 00:00 0 
7fed96348000-7fed9634c000 ---p 00000000 00:00 0 
7fed9634c000-7fed96448000 rw-p 00000000 00:00 0 
7fed96448000-7fed9644c000 ---p 00000000 00:00 0 
7fed9644c000-7fed96548000 rw-p 00000000 00:00 0 
7fed96548000-7fed9682e000 r--p 00000000 00:859 28444448                  /usr/lib/locale/locale-archive
7fed9682e000-7fed96832000 ---p 00000000 00:00 0 
7fed96832000-7fed9692e000 rw-p 00000000 00:00 0 
7fed9692e000-7fed96932000 ---p 00000000 00:00 0 
7fed96932000-7fed96a2e000 rw-p 00000000 00:00 0 
7fed96a2e000-7fed96a2f000 ---p 00000000 00:00 0 
7fed96a2f000-7fed96b30000 rw-p 00000000 00:00 0 
7fed96b30000-7fed96bfe000 r-xp 00000000 00:960 4611686019135190036       /nix/store/gpxl5qgg8kicmcvivwmybwjlpf7wh20l-graalvm17-ce-22.3.0/lib/libjsvml.so
7fed96bfe000-7fed96bff000 r--p 000cd000 00:960 4611686019135190036       /nix/store/gpxl5qgg8kicmcvivwmybwjlpf7wh20l-graalvm17-ce-22.3.0/lib/libjsvml.so
7fed96bff000-7fed96c00000 rw-p 000ce000 00:960 4611686019135190036       /nix/store/gpxl5qgg8kicmcvivwmybwjlpf7wh20l-graalvm17-ce-22.3.0/lib/libjsvml.so
7fed96c00000-7fed96ff0000 rw-p 00000000 00:00 0 
7fed96ff0000-7fed972f0000 rw-p 00000000 00:00 0 
7fed972f0000-7fed97400000 rw-p 00000000 00:00 0 
7fed97491000-7fed97495000 ---p 00000000 00:00 0 
7fed97495000-7fed974b3000 rw-p 00000000 00:00 0 
7fed974b3000-7fed97723000 rwxp 00000000 00:00 0 
7fed97723000-7fed97a42000 ---p 00000000 00:00 0 
7fed97a42000-7fed98a92000 rwxp 00000000 00:00 0 
7fed98a92000-7fed9ef7a000 ---p 00000000 00:00 0 
7fed9ef7a000-7fed9f1ea000 rwxp 00000000 00:00 0 
7fed9f1ea000-7feda64b3000 ---p 00000000 00:00 0 
7feda64b3000-7fedb0000000 r--s 00000000 00:960 4611686019135192581       /nix/store/gpxl5qgg8kicmcvivwmybwjlpf7wh20l-graalvm17-ce-22.3.0/lib/modules
7fedb0000000-7fedb0629000 rw-p 00000000 00:00 0 
7fedb0629000-7fedb4000000 ---p 00000000 00:00 0 
7fedb4002000-7fedb4004000 r-xp 00000000 00:960 4611686019135190017       /nix/store/gpxl5qgg8kicmcvivwmybwjlpf7wh20l-graalvm17-ce-22.3.0/lib/libextnet.so
7fedb4004000-7fedb4005000 r--p 00001000 00:960 4611686019135190017       /nix/store/gpxl5qgg8kicmcvivwmybwjlpf7wh20l-graalvm17-ce-22.3.0/lib/libextnet.so
7fedb4005000-7fedb4006000 rw-p 00002000 00:960 4611686019135190017       /nix/store/gpxl5qgg8kicmcvivwmybwjlpf7wh20l-graalvm17-ce-22.3.0/lib/libextnet.so
7fedb4006000-7fedb4007000 rw-p 00004000 00:960 4611686019135190017       /nix/store/gpxl5qgg8kicmcvivwmybwjlpf7wh20l-graalvm17-ce-22.3.0/lib/libextnet.so
7fedb4007000-7fedb400e000 r-xp 00000000 00:960 4611686019135192580       /nix/store/gpxl5qgg8kicmcvivwmybwjlpf7wh20l-graalvm17-ce-22.3.0/lib/libzip.so
7fedb400e000-7fedb400f000 ---p 00007000 00:960 4611686019135192580       /nix/store/gpxl5qgg8kicmcvivwmybwjlpf7wh20l-graalvm17-ce-22.3.0/lib/libzip.so
7fedb400f000-7fedb4010000 r--p 00007000 00:960 4611686019135192580       /nix/store/gpxl5qgg8kicmcvivwmybwjlpf7wh20l-graalvm17-ce-22.3.0/lib/libzip.so
7fedb4010000-7fedb4011000 rw-p 00008000 00:960 4611686019135192580       /nix/store/gpxl5qgg8kicmcvivwmybwjlpf7wh20l-graalvm17-ce-22.3.0/lib/libzip.so
7fedb4011000-7fedb4013000 rw-p 0000b000 00:960 4611686019135192580       /nix/store/gpxl5qgg8kicmcvivwmybwjlpf7wh20l-graalvm17-ce-22.3.0/lib/libzip.so
7fedb4013000-7fedb4028000 r-xp 00000000 00:960 4611686019135192570       /nix/store/gpxl5qgg8kicmcvivwmybwjlpf7wh20l-graalvm17-ce-22.3.0/lib/libnet.so
7fedb4028000-7fedb4029000 ---p 00015000 00:960 4611686019135192570       /nix/store/gpxl5qgg8kicmcvivwmybwjlpf7wh20l-graalvm17-ce-22.3.0/lib/libnet.so
7fedb4029000-7fedb402a000 r--p 00015000 00:960 4611686019135192570       /nix/store/gpxl5qgg8kicmcvivwmybwjlpf7wh20l-graalvm17-ce-22.3.0/lib/libnet.so
7fedb402a000-7fedb402b000 rw-p 00016000 00:960 4611686019135192570       /nix/store/gpxl5qgg8kicmcvivwmybwjlpf7wh20l-graalvm17-ce-22.3.0/lib/libnet.so
7fedb402b000-7fedb402e000 rw-p 0001b000 00:960 4611686019135192570       /nix/store/gpxl5qgg8kicmcvivwmybwjlpf7wh20l-graalvm17-ce-22.3.0/lib/libnet.so
7fedb402e000-7fedb4041000 r-xp 00000000 00:960 4611686019135192571       /nix/store/gpxl5qgg8kicmcvivwmybwjlpf7wh20l-graalvm17-ce-22.3.0/lib/libnio.so
7fedb4041000-7fedb4042000 r--p 00012000 00:960 4611686019135192571       /nix/store/gpxl5qgg8kicmcvivwmybwjlpf7wh20l-graalvm17-ce-22.3.0/lib/libnio.so
7fedb4042000-7fedb4043000 rw-p 00013000 00:960 4611686019135192571       /nix/store/gpxl5qgg8kicmcvivwmybwjlpf7wh20l-graalvm17-ce-22.3.0/lib/libnio.so
7fedb4043000-7fedb4048000 rw-p 00019000 00:960 4611686019135192571       /nix/store/gpxl5qgg8kicmcvivwmybwjlpf7wh20l-graalvm17-ce-22.3.0/lib/libnio.so
7fedb4048000-7fedb5920000 rw-p 00000000 00:00 0 
7fedb5920000-7fedb5921000 ---p 00000000 00:00 0 
7fedb5921000-7fedb5ac2000 rw-p 00000000 00:00 0 
7fedb5ac2000-7fedb5b02000 rw-p 00000000 00:00 0 
7fedb5b02000-7fedb5b22000 ---p 00000000 00:00 0 
7fedb5b22000-7fedb5b28000 rw-p 00000000 00:00 0 
7fedb5b28000-7fedb5c0e000 ---p 00000000 00:00 0 
7fedb5c0e000-7fedb5c2f000 rw-p 00000000 00:00 0 
7fedb5c2f000-7fedb5cf9000 ---p 00000000 00:00 0 
7fedb5cf9000-7fedb5cfe000 rw-p 00000000 00:00 0 
7fedb5cfe000-7fedb5d05000 ---p 00000000 00:00 0 
7fedb5d05000-7fedb5d29000 r-xp 00000000 00:960 4611686019135190028       /nix/store/gpxl5qgg8kicmcvivwmybwjlpf7wh20l-graalvm17-ce-22.3.0/lib/libjava.so
7fedb5d29000-7fedb5d2a000 ---p 00024000 00:960 4611686019135190028       /nix/store/gpxl5qgg8kicmcvivwmybwjlpf7wh20l-graalvm17-ce-22.3.0/lib/libjava.so
7fedb5d2a000-7fedb5d2b000 r--p 00024000 00:960 4611686019135190028       /nix/store/gpxl5qgg8kicmcvivwmybwjlpf7wh20l-graalvm17-ce-22.3.0/lib/libjava.so
7fedb5d2b000-7fedb5d2c000 rw-p 00025000 00:960 4611686019135190028       /nix/store/gpxl5qgg8kicmcvivwmybwjlpf7wh20l-graalvm17-ce-22.3.0/lib/libjava.so
7fedb5d2c000-7fedb5d2d000 rw-p 00000000 00:00 0 
7fedb5d2d000-7fedb5d34000 rw-p 0002f000 00:960 4611686019135190028       /nix/store/gpxl5qgg8kicmcvivwmybwjlpf7wh20l-graalvm17-ce-22.3.0/lib/libjava.so
7fedb5d34000-7fedb5d3c000 rw-s 00000000 00:590 361                       /tmp/hsperfdata_runner/42
7fedb5d3c000-7fedb5d3d000 ---p 00000000 00:00 0 
7fedb5d3d000-7fedb5d3e000 r--p 00000000 00:00 0 
7fedb5d3e000-7fedb5d3f000 rwxp 00000000 00:00 0 
7fedb5d3f000-7fedb5d5a000 r-xp 00000000 00:960 4611686019135190032       /nix/store/gpxl5qgg8kicmcvivwmybwjlpf7wh20l-graalvm17-ce-22.3.0/lib/libjimage.so
7fedb5d5a000-7fedb5d5b000 ---p 0001b000 00:960 4611686019135190032       /nix/store/gpxl5qgg8kicmcvivwmybwjlpf7wh20l-graalvm17-ce-22.3.0/lib/libjimage.so
7fedb5d5b000-7fedb5d5d000 r--p 0001b000 00:960 4611686019135190032       /nix/store/gpxl5qgg8kicmcvivwmybwjlpf7wh20l-graalvm17-ce-22.3.0/lib/libjimage.so
7fedb5d5d000-7fedb5d5e000 rw-p 0001d000 00:960 4611686019135190032       /nix/store/gpxl5qgg8kicmcvivwmybwjlpf7wh20l-graalvm17-ce-22.3.0/lib/libjimage.so
7fedb5d5e000-7fedb5d5f000 rw-p 00024000 00:960 4611686019135190032       /nix/store/gpxl5qgg8kicmcvivwmybwjlpf7wh20l-graalvm17-ce-22.3.0/lib/libjimage.so
7fedb5d5f000-7fedb5d63000 ---p 00000000 00:00 0 
7fedb5d63000-7fedb5e5f000 rw-p 00000000 00:00 0 
7fedb5e5f000-7fedb5e6d000 r--p 00000000 00:960 4611686019027979927       /nix/store/4nlgxhb09sdr51nc9hdm8az5b08vzkgx-glibc-2.35-163/lib/libm.so.6
7fedb5e6d000-7fedb5ee0000 r-xp 0000e000 00:960 4611686019027979927       /nix/store/4nlgxhb09sdr51nc9hdm8az5b08vzkgx-glibc-2.35-163/lib/libm.so.6
7fedb5ee0000-7fedb5f3d000 r--p 00081000 00:960 4611686019027979927       /nix/store/4nlgxhb09sdr51nc9hdm8az5b08vzkgx-glibc-2.35-163/lib/libm.so.6
7fedb5f3d000-7fedb5f3e000 r--p 000dd000 00:960 4611686019027979927       /nix/store/4nlgxhb09sdr51nc9hdm8az5b08vzkgx-glibc-2.35-163/lib/libm.so.6
7fedb5f3e000-7fedb5f3f000 rw-p 000de000 00:960 4611686019027979927       /nix/store/4nlgxhb09sdr51nc9hdm8az5b08vzkgx-glibc-2.35-163/lib/libm.so.6
7fedb5f3f000-7fedb5f40000 r--p 00000000 00:960 4611686019027979946       /nix/store/4nlgxhb09sdr51nc9hdm8az5b08vzkgx-glibc-2.35-163/lib/librt.so.1
7fedb5f40000-7fedb5f41000 r-xp 00001000 00:960 4611686019027979946       /nix/store/4nlgxhb09sdr51nc9hdm8az5b08vzkgx-glibc-2.35-163/lib/librt.so.1
7fedb5f41000-7fedb5f42000 r--p 00002000 00:960 4611686019027979946       /nix/store/4nlgxhb09sdr51nc9hdm8az5b08vzkgx-glibc-2.35-163/lib/librt.so.1
7fedb5f42000-7fedb5f43000 r--p 00002000 00:960 4611686019027979946       /nix/store/4nlgxhb09sdr51nc9hdm8az5b08vzkgx-glibc-2.35-163/lib/librt.so.1
7fedb5f43000-7fedb5f44000 rw-p 00003000 00:960 4611686019027979946       /nix/store/4nlgxhb09sdr51nc9hdm8az5b08vzkgx-glibc-2.35-163/lib/librt.so.1
7fedb5f44000-7fedb7057000 r-xp 00000000 00:960 4611686019135360866       /nix/store/gpxl5qgg8kicmcvivwmybwjlpf7wh20l-graalvm17-ce-22.3.0/lib/server/libjvm.so
7fedb7057000-7fedb7058000 ---p 01113000 00:960 4611686019135360866       /nix/store/gpxl5qgg8kicmcvivwmybwjlpf7wh20l-graalvm17-ce-22.3.0/lib/server/libjvm.so
7fedb7058000-7fedb710d000 r--p 01113000 00:960 4611686019135360866       /nix/store/gpxl5qgg8kicmcvivwmybwjlpf7wh20l-graalvm17-ce-22.3.0/lib/server/libjvm.so
7fedb710d000-7fedb7141000 rw-p 011c8000 00:960 4611686019135360866       /nix/store/gpxl5qgg8kicmcvivwmybwjlpf7wh20l-graalvm17-ce-22.3.0/lib/server/libjvm.so
7fedb7141000-7fedb719d000 rw-p 00000000 00:00 0 
7fedb719d000-7fedb71c5000 r--p 00000000 00:960 4611686019027979918       /nix/store/4nlgxhb09sdr51nc9hdm8az5b08vzkgx-glibc-2.35-163/lib/libc.so.6
7fedb71c5000-7fedb733b000 r-xp 00028000 00:960 4611686019027979918       /nix/store/4nlgxhb09sdr51nc9hdm8az5b08vzkgx-glibc-2.35-163/lib/libc.so.6
7fedb733b000-7fedb7393000 r--p 0019e000 00:960 4611686019027979918       /nix/store/4nlgxhb09sdr51nc9hdm8az5b08vzkgx-glibc-2.35-163/lib/libc.so.6
7fedb7393000-7fedb7397000 r--p 001f6000 00:960 4611686019027979918       /nix/store/4nlgxhb09sdr51nc9hdm8az5b08vzkgx-glibc-2.35-163/lib/libc.so.6
7fedb7397000-7fedb7399000 rw-p 001fa000 00:960 4611686019027979918       /nix/store/4nlgxhb09sdr51nc9hdm8az5b08vzkgx-glibc-2.35-163/lib/libc.so.6
7fedb7399000-7fedb73a8000 rw-p 00000000 00:00 0 
7fedb73a8000-7fedb73a9000 r--p 00000000 00:960 4611686019027979923       /nix/store/4nlgxhb09sdr51nc9hdm8az5b08vzkgx-glibc-2.35-163/lib/libdl.so.2
7fedb73a9000-7fedb73aa000 r-xp 00001000 00:960 4611686019027979923       /nix/store/4nlgxhb09sdr51nc9hdm8az5b08vzkgx-glibc-2.35-163/lib/libdl.so.2
7fedb73aa000-7fedb73ab000 r--p 00002000 00:960 4611686019027979923       /nix/store/4nlgxhb09sdr51nc9hdm8az5b08vzkgx-glibc-2.35-163/lib/libdl.so.2
7fedb73ab000-7fedb73ac000 r--p 00002000 00:960 4611686019027979923       /nix/store/4nlgxhb09sdr51nc9hdm8az5b08vzkgx-glibc-2.35-163/lib/libdl.so.2
7fedb73ac000-7fedb73ad000 rw-p 00003000 00:960 4611686019027979923       /nix/store/4nlgxhb09sdr51nc9hdm8az5b08vzkgx-glibc-2.35-163/lib/libdl.so.2
7fedb73ad000-7fedb73ae000 r--p 00000000 00:960 4611686019027979942       /nix/store/4nlgxhb09sdr51nc9hdm8az5b08vzkgx-glibc-2.35-163/lib/libpthread.so.0
7fedb73ae000-7fedb73af000 r-xp 00001000 00:960 4611686019027979942       /nix/store/4nlgxhb09sdr51nc9hdm8az5b08vzkgx-glibc-2.35-163/lib/libpthread.so.0
7fedb73af000-7fedb73b0000 r--p 00002000 00:960 4611686019027979942       /nix/store/4nlgxhb09sdr51nc9hdm8az5b08vzkgx-glibc-2.35-163/lib/libpthread.so.0
7fedb73b0000-7fedb73b1000 r--p 00002000 00:960 4611686019027979942       /nix/store/4nlgxhb09sdr51nc9hdm8az5b08vzkgx-glibc-2.35-163/lib/libpthread.so.0
7fedb73b1000-7fedb73b2000 rw-p 00003000 00:960 4611686019027979942       /nix/store/4nlgxhb09sdr51nc9hdm8az5b08vzkgx-glibc-2.35-163/lib/libpthread.so.0
7fedb73b2000-7fedb73c0000 r-xp 00000000 00:960 4611686019135190033       /nix/store/gpxl5qgg8kicmcvivwmybwjlpf7wh20l-graalvm17-ce-22.3.0/lib/libjli.so
7fedb73c0000-7fedb73c1000 ---p 0000e000 00:960 4611686019135190033       /nix/store/gpxl5qgg8kicmcvivwmybwjlpf7wh20l-graalvm17-ce-22.3.0/lib/libjli.so
7fedb73c1000-7fedb73c2000 r--p 0000e000 00:960 4611686019135190033       /nix/store/gpxl5qgg8kicmcvivwmybwjlpf7wh20l-graalvm17-ce-22.3.0/lib/libjli.so
7fedb73c2000-7fedb73c3000 rw-p 0000f000 00:960 4611686019135190033       /nix/store/gpxl5qgg8kicmcvivwmybwjlpf7wh20l-graalvm17-ce-22.3.0/lib/libjli.so
7fedb73c3000-7fedb73c4000 rw-p 00012000 00:960 4611686019135190033       /nix/store/gpxl5qgg8kicmcvivwmybwjlpf7wh20l-graalvm17-ce-22.3.0/lib/libjli.so
7fedb73c4000-7fedb73c7000 r--p 00000000 00:960 4611686019106210071       /nix/store/026hln0aq1hyshaxsdvhg0kmcm6yf45r-zlib-1.2.13/lib/libz.so.1.2.13
7fedb73c7000-7fedb73d9000 r-xp 00003000 00:960 4611686019106210071       /nix/store/026hln0aq1hyshaxsdvhg0kmcm6yf45r-zlib-1.2.13/lib/libz.so.1.2.13
7fedb73d9000-7fedb73e0000 r--p 00015000 00:960 4611686019106210071       /nix/store/026hln0aq1hyshaxsdvhg0kmcm6yf45r-zlib-1.2.13/lib/libz.so.1.2.13
7fedb73e0000-7fedb73e1000 r--p 0001b000 00:960 4611686019106210071       /nix/store/026hln0aq1hyshaxsdvhg0kmcm6yf45r-zlib-1.2.13/lib/libz.so.1.2.13
7fedb73e1000-7fedb73e2000 rw-p 0001c000 00:960 4611686019106210071       /nix/store/026hln0aq1hyshaxsdvhg0kmcm6yf45r-zlib-1.2.13/lib/libz.so.1.2.13
7fedb73e2000-7fedb73e4000 rw-p 00000000 00:00 0 
7fedb73e4000-7fedb73e6000 r--p 00000000 00:960 4611686019027979912       /nix/store/4nlgxhb09sdr51nc9hdm8az5b08vzkgx-glibc-2.35-163/lib/ld-linux-x86-64.so.2
7fedb73e6000-7fedb740d000 r-xp 00002000 00:960 4611686019027979912       /nix/store/4nlgxhb09sdr51nc9hdm8az5b08vzkgx-glibc-2.35-163/lib/ld-linux-x86-64.so.2
7fedb740d000-7fedb7419000 r--p 00029000 00:960 4611686019027979912       /nix/store/4nlgxhb09sdr51nc9hdm8az5b08vzkgx-glibc-2.35-163/lib/ld-linux-x86-64.so.2
7fedb7419000-7fedb741b000 r--p 00034000 00:960 4611686019027979912       /nix/store/4nlgxhb09sdr51nc9hdm8az5b08vzkgx-glibc-2.35-163/lib/ld-linux-x86-64.so.2
7fedb741b000-7fedb741d000 rw-p 00036000 00:960 4611686019027979912       /nix/store/4nlgxhb09sdr51nc9hdm8az5b08vzkgx-glibc-2.35-163/lib/ld-linux-x86-64.so.2
7fff20f45000-7fff20f69000 rw-p 00000000 00:00 0                          [stack]
7fff20fda000-7fff20fde000 r--p 00000000 00:00 0                          [vvar]
7fff20fde000-7fff20fe0000 r-xp 00000000 00:00 0                          [vdso]
ffffffffff600000-ffffffffff601000 --xp 00000000 00:00 0                  [vsyscall]


VM Arguments:
jvm_args: -XX:ThreadPriorityPolicy=1 -XX:+UnlockExperimentalVMOptions -XX:+EnableJVMCIProduct -XX:JVMCIThreadsPerNativeLibraryRuntime=1 -XX:-UnlockExperimentalVMOptions -Declipse.application=org.eclipse.jdt.ls.core.id1 -Dosgi.bundles.defaultStartLevel=4 -Declipse.product=org.eclipse.jdt.ls.core.product -Dlog.level=ALL -Xverify:none -XX:+UseParallelGC -XX:GCTimeRatio=4 -XX:AdaptiveSizePolicyWeight=90 -Dsun.zip.disableMemoryMapping=true -Xmx512m -Xms100m 
java_command: /nix/store/a7s9klvriqi68xz3qjc0qyfl5h86xc16-jdt-language-server-1.9.0/share/java/plugins/org.eclipse.equinox.launcher_1.6.400.v20210924-0641.jar --add-modules=ALL-SYSTEM --add-opens java.base/java.util=ALL-UNNAMED --add-opens java.base/java.lang=ALL-UNNAMED -configuration /home/runner/.cache/jdt-language-server/config -data /home/runner/.cache/jdt-language-server/data/home/runner/BinaryTree
java_class_path (initial): /nix/store/a7s9klvriqi68xz3qjc0qyfl5h86xc16-jdt-language-server-1.9.0/share/java/plugins/org.eclipse.equinox.launcher_1.6.400.v20210924-0641.jar
Launcher Type: SUN_STANDARD

[Global flags]
    uintx AdaptiveSizePolicyWeight                 = 90                                        {product} {command line}
     intx CICompilerCount                          = 2                                         {product} {ergonomic}
     bool EnableJVMCIProduct                       = true                                {JVMCI product} {jimage}
    uintx GCTimeRatio                              = 4                                         {product} {command line}
   size_t InitialHeapSize                          = 104857600                                 {product} {command line}
     uint JVMCIThreadsPerNativeLibraryRuntime      = 1                                   {JVMCI product} {jimage}
   size_t MaxHeapSize                              = 536870912                                 {product} {command line}
   size_t MaxNewSize                               = 178782208                                 {product} {ergonomic}
   size_t MinHeapDeltaBytes                        = 524288                                    {product} {ergonomic}
   size_t MinHeapSize                              = 104857600                                 {product} {command line}
   size_t NewSize                                  = 34603008                                  {product} {ergonomic}
    uintx NonNMethodCodeHeapSize                   = 5826188                                {pd product} {ergonomic}
    uintx NonProfiledCodeHeapSize                  = 122916026                              {pd product} {ergonomic}
   size_t OldSize                                  = 70254592                                  {product} {ergonomic}
    uintx ProfiledCodeHeapSize                     = 122916026                              {pd product} {ergonomic}
    uintx ReservedCodeCacheSize                    = 251658240                              {pd product} {ergonomic}
     bool SegmentedCodeCache                       = true                                      {product} {ergonomic}
   size_t SoftMaxHeapSize                          = 536870912                              {manageable} {ergonomic}
     intx ThreadPriorityPolicy                     = 1                                         {product} {jimage}
     bool UseCompressedClassPointers               = true                           {product lp64_product} {ergonomic}
     bool UseCompressedOops                        = true                           {product lp64_product} {ergonomic}
     bool UseParallelGC                            = true                                      {product} {command line}

Logging:
Log output configuration:
 #0: stdout all=warning uptime,level,tags
 #1: stderr all=off uptime,level,tags

Environment Variables:
JAVA_HOME=/nix/store/gpxl5qgg8kicmcvivwmybwjlpf7wh20l-graalvm17-ce-22.3.0
PATH=/nix/store/1d6ian3r8kdzspw8hacjhl3xkp40g1lj-binutils-wrapper-2.39/bin:/nix/store/dq0xwmsk1g0i2ayg6pb7y87na2knzylh-gcc-wrapper-11.3.0/bin:/nix/store/bap4d0lpcrhpwmpb8ayjcgkmvfj62lnq-bash-interactive-5.1-p16/bin:/nix/store/pr5n59mb4jzmfx6kanwxly0l07p861fg-patchelf-0.15.0/bin:/nix/store/1gf2flfqnpqbr1b4p4qz2f72y42bs56r-gcc-11.3.0/bin:/nix/store/57xv61c5zi8pphjbcwxxjlgc34p61ic9-glibc-2.35-163-bin/bin:/nix/store/a7gvj343m05j2s32xcnwr35v31ynlypr-coreutils-9.1/bin:/nix/store/039g378vc3pc3dvi9dzdlrd0i4q93qwf-binutils-2.39/bin:/nix/store/gpxl5qgg8kicmcvivwmybwjlpf7wh20l-graalvm17-ce-22.3.0/bin:/nix/store/6z9ag3ihc8mq2hzsw48lhbznvzny65nz-apache-maven-3.8.6/bin:/nix/store/a7s9klvriqi68xz3qjc0qyfl5h86xc16-jdt-language-server-1.9.0/bin:/nix/store/48ifl2w60a3zp7yskbpnvn8jp9jdsb7k-java-debug/bin:/nix/store/mydc6f4k2z73xlcz7ilif3v2lcaiqvza-findutils-4.9.0/bin:/nix/store/j9p3g8472iijd50vhdprx0nmk2fqn5gv-diffutils-3.8/bin:/nix/store/89zs7rms6x00xfq4dq6m7mjnhkr8a6r4-gnused-4.8/bin:/nix/store/86bp03jkmsl6f92w0yzg4s59g5mhxwmy-gnugrep-3.7/bin:/nix/store/hwcdqw4jrjnd37wxqgsd47hd0j8bnj09-gawk-5.1.1/bin:/nix/store/cfbhw8r8ags41vwqaz47r583d0p4h4a1-gnutar-1.34/bin:/nix/store/p3m1ndl1lapwrlh698bnb5lvvxh67378-gzip-1.12/bin:/nix/store/a8mhcagrsly7c7mpjrpsnaahk4aax056-bzip2-1.0.8-bin/bin:/nix/store/mblgz65m3zv9x548a3d5m96fj2pbwr09-gnumake-4.3/bin:/nix/store/dsd5gz46hdbdk2rfdimqddhq6m8m8fqs-bash-5.1-p16/bin:/nix/store/v7ljksji50mg3w61dykaa3n3y79n6nil-patch-2.7.6/bin:/nix/store/zlcnmqq14jz5x9439jf937mvayyl63da-xz-5.2.7-bin/bin:/nix/store/y6aj732zm9m87c82fpvf103a1xb22blp-file-5.43/bin:/nix/store/i4kzir3m7mrisxmf5xvlnkw01x4qaqr4-prybar-elisp-0.0.0-e0d9a52/bin:/nix/store/lwwivxf6h7x3cvxp9zv8sj0mv7dak99r-prybar-lua-0.0.0-e0d9a52/bin:/nix/store/gxj28g1cg4hq3qanmjv07156h800qr58-prybar-python3-0.0.0-e0d9a52/bin:/nix/store/hshkjnxrgidigf8x75vg6lqng2xlx9i3-prybar-sqlite-0.0.0-e0d9a52/bin:/nix/store/c4w01bpjgyy5ixmwdk8m1pw87zq4sl26-prybar-tcl-0.0.0-e0d9a52/bin:/nix/store/hpbvrlwd5viqmvcaisb3x0118i913a9n-st
LD_LIBRARY_PATH=/nix/store/a4pff549sk2idnkpzk5nsfps3mdkdnvm-cups-2.4.2-lib/lib:/nix/store/72mqxxhh3cy5yifh92wh2yb8cl2hikyy-cairo-1.16.0/lib:/nix/store/2k366jrbsra97gjfxwvrhvixjfxdach5-glib-2.74.1/lib:/nix/store/2j2znigd8ak37rlwh9khz0ry3clqlw1l-gtk+3-3.24.34/lib:/nix/store/hisqvx32cd57apbpcsnkpx6k3549wql1-libglvnd-1.4.0/lib:/nix/store/p36pgcv991mq5srvg765b78yqpxvk3qs-mesa-21.3.3-drivers/lib:/nix/store/mav4251if1ahjq5vkpwycyyvnmy459c4-pulseaudio-14.2/lib
DISPLAY=:0
LANG=en_US.UTF-8

Signal Handlers:
   SIGSEGV: crash_handler in libjvm.so, mask=11100100010111111101111111111110, flags=SA_RESTART|SA_SIGINFO
    SIGBUS: crash_handler in libjvm.so, mask=11100100010111111101111111111110, flags=SA_RESTART|SA_SIGINFO
    SIGFPE: crash_handler in libjvm.so, mask=11100100010111111101111111111110, flags=SA_RESTART|SA_SIGINFO
   SIGPIPE: IsolateEnterStub_IgnoreSIGPIPEStartupHook_noopSignalHandler_8f19bff2f35b5f630d83b364d6b2339320d4ec70_216e8361c6bc87a8f89f58cc10d3b2fd4415bf87 in libjvmcicompiler.so, mask=00000000000000000000000000000000, flags=SA_RESTART
  *** Handler was modified!
  *** Expected: javaSignalHandler in libjvm.so, mask=11100100110111111111111111111110, flags=SA_RESTART|SA_SIGINFO
   SIGXFSZ: javaSignalHandler in libjvm.so, mask=11100100010111111101111111111110, flags=SA_RESTART|SA_SIGINFO
    SIGILL: crash_handler in libjvm.so, mask=11100100010111111101111111111110, flags=SA_RESTART|SA_SIGINFO
   SIGUSR2: SR_handler in libjvm.so, mask=00000000000000000000000000000000, flags=SA_RESTART|SA_SIGINFO
    SIGHUP: UserHandler in libjvm.so, mask=11100100010111111101111111111110, flags=SA_RESTART|SA_SIGINFO
    SIGINT: UserHandler in libjvm.so, mask=11100100010111111101111111111110, flags=SA_RESTART|SA_SIGINFO
   SIGTERM: UserHandler in libjvm.so, mask=11100100010111111101111111111110, flags=SA_RESTART|SA_SIGINFO
   SIGQUIT: UserHandler in libjvm.so, mask=11100100010111111101111111111110, flags=SA_RESTART|SA_SIGINFO
  *** Handler was modified!
  *** Expected: javaSignalHandler in libjvm.so, mask=11100100110111111111111111111110, flags=SA_RESTART|SA_SIGINFO
   SIGTRAP: crash_handler in libjvm.so, mask=11100100010111111101111111111110, flags=SA_RESTART|SA_SIGINFO


---------------  S Y S T E M  ---------------

OS:
DISTRIB_ID=Ubuntu
DISTRIB_RELEASE=20.04
DISTRIB_CODENAME=focal
DISTRIB_DESCRIPTION="Ubuntu 20.04.2 LTS"
uname: Linux 6.2.0-1014-gcp #14~22.04.1-Ubuntu SMP Mon Sep 11 07:44:43 UTC 2023 x86_64
OS uptime: 0 days 8:52 hours
libc: glibc 2.35 NPTL 2.35 
rlimit (soft/hard): STACK 8192k/infinity , CORE infinity/infinity , NPROC infinity/infinity , NOFILE 5242/5242 , AS infinity/infinity , CPU infinity/infinity , DATA infinity/infinity , FSIZE infinity/infinity , MEMLOCK 8192k/8192k
load average: 17.24 21.12 21.48

/proc/meminfo:
MemTotal:       65835948 kB
MemFree:        38144000 kB
MemAvailable:   47864040 kB
Buffers:          973528 kB
Cached:          8361828 kB
SwapCached:            0 kB
Active:          4973416 kB
Inactive:       20513788 kB
Active(anon):      11700 kB
Inactive(anon): 16082512 kB
Active(file):    4961716 kB
Inactive(file):  4431276 kB
Unevictable:       29272 kB
Mlocked:           29272 kB
SwapTotal:             0 kB
SwapFree:              0 kB
Zswap:                 0 kB
Zswapped:              0 kB
Dirty:              2912 kB
Writeback:           324 kB
AnonPages:      15181828 kB
Mapped:          1390580 kB
Shmem:             49408 kB
KReclaimable:    1053500 kB
Slab:            1536384 kB
SReclaimable:    1053500 kB
SUnreclaim:       482884 kB
KernelStack:      133832 kB
PageTables:       203220 kB
SecPageTables:         0 kB
NFS_Unstable:          0 kB
Bounce:                0 kB
WritebackTmp:          0 kB
CommitLimit:    32917972 kB
Committed_AS:   51462780 kB
VmallocTotal:   34359738367 kB
VmallocUsed:      160300 kB
VmallocChunk:          0 kB
Percpu:            28512 kB
HardwareCorrupted:     0 kB
AnonHugePages:   3151872 kB
ShmemHugePages:        0 kB
ShmemPmdMapped:        0 kB
FileHugePages:         0 kB
FilePmdMapped:         0 kB
HugePages_Total:       0
HugePages_Free:        0
HugePages_Rsvd:        0
HugePages_Surp:        0
Hugepagesize:       2048 kB
Hugetlb:               0 kB
DirectMap4k:      246584 kB
DirectMap2M:     9187328 kB
DirectMap1G:    59768832 kB

/sys/kernel/mm/transparent_hugepage/enabled: always [madvise] never
/sys/kernel/mm/transparent_hugepage/defrag (defrag/compaction efforts parameter): always defer defer+madvise [madvise] never

Process Memory:
Virtual Size: 4788860K (peak: 4875068K)
Resident Set Size: 774780K (peak: 811060K) (anon: 578880K, file: 195900K, shmem: 0K)
Swapped out: 0K
C-Heap outstanding allocations: 42502K, retained: 10970K
glibc malloc tunables: (default)

/proc/sys/kernel/threads-max (system-wide limit on the number of threads): 514278
/proc/sys/vm/max_map_count (maximum number of memory map areas a process may have): 65530
/proc/sys/kernel/pid_max (system-wide limit on number of process identifiers): 4194304

container (cgroup) information:
container_type: cgroupv2
cpu_cpuset_cpus: not supported
cpu_memory_nodes: not supported
active_processor_count: 1
cpu_quota: 50000
cpu_period: 100000
cpu_shares: no shares
memory_limit_in_bytes: 1048576 k
memory_and_swap_limit_in_bytes: unlimited
memory_soft_limit_in_bytes: 524288 k
memory_usage_in_bytes: 643808 k
memory_max_usage_in_bytes: not supported
maximum number of tasks: not supported
current number of tasks: not supported

KVM virtualization detected
Steal ticks since vm start: 5164
Steal ticks percentage since vm start:  0.008

CPU: total 8 (initial active 1) (8 cores per cpu, 2 threads per core) family 23 model 49 stepping 0 microcode 0xffffffff, cx8, cmov, fxsr, ht, mmx, 3dnowpref, sse, sse2, sse3, ssse3, sse4a, sse4.1, sse4.2, popcnt, lzcnt, tsc, tscinvbit, avx, avx2, aes, clmul, bmi1, bmi2, adx, sha, fma, vzeroupper, clflush, clflushopt, hv
CPU Model and flags from /proc/cpuinfo:
model name	: AMD EPYC 7B12
flags		: fpu vme de pse tsc msr pae mce cx8 apic sep mtrr pge mca cmov pat pse36 clflush mmx fxsr sse sse2 ht syscall nx mmxext fxsr_opt pdpe1gb rdtscp lm constant_tsc rep_good nopl nonstop_tsc cpuid extd_apicid tsc_known_freq pni pclmulqdq ssse3 fma cx16 sse4_1 sse4_2 movbe popcnt aes xsave avx f16c rdrand hypervisor lahf_lm cmp_legacy cr8_legacy abm sse4a misalignsse 3dnowprefetch osvw topoext ssbd ibrs ibpb stibp vmmcall fsgsbase tsc_adjust bmi1 avx2 smep bmi2 rdseed adx smap clflushopt clwb sha_ni xsaveopt xsavec xgetbv1 clzero xsaveerptr arat npt nrip_save umip rdpid

Online cpus: 0-7
Offline cpus: 
BIOS frequency limitation: <Not Available>
Frequency switch latency (ns): <Not Available>
Available cpu frequencies: <Not Available>
Current governor: <Not Available>
Core performance/turbo boost: <Not Available>

Memory: 4k page, physical 1048576k(404760k free), swap 0k(0k free)
Page Sizes: 4k

vm_info: OpenJDK 64-Bit Server VM (17.0.5+8-jvmci-22.3-b08) for linux-amd64 JRE (17.0.5+8-jvmci-22.3-b08), built on Oct 19 2022 09:01:27 by "buildslave" with gcc 10.3.0

END.
